<?xml version="1.0" encoding="UTF-8"?>
<testsuites name="pencarian_positive" time="312.438" tests="4" failures="0" errors="0">
   <testsuite name="pencarian_positive" tests="4" failures="0" errors="0" time="312.438" skipped="0" timestamp="12-02-2024T14:01:29" hostname="ASUS - LAPTOP-86QR281O" id="Test Suites/discovery_positive/pencarian_positive">
      <properties>
         <property name="deviceName" value=""/>
         <property name="devicePlatform" value=""/>
         <property name="logFolder" value="C:\\Users\\ASUS\\Documents\\Bismillah BFLP IT\\BOOTCAMP IT\\Katalon\\FPBootcamp\\Reports\\20240212_140124\\discovery_positive\\pencarian_positive\\20240212_140124"/>
         <property name="logFiles" value="C:\\Users\\ASUS\\Documents\\Bismillah BFLP IT\\BOOTCAMP IT\\Katalon\\FPBootcamp\\Reports\\20240212_140124\\discovery_positive\\pencarian_positive\\20240212_140124\\execution0.log"/>
         <property name="attachments" value=""/>
         <property name="hostName" value="ASUS - LAPTOP-86QR281O"/>
         <property name="os" value="Windows 11 64bit"/>
         <property name="katalonVersion" value="9.3.0.212"/>
         <property name="browser" value="Chrome 121.0.0.0"/>
         <property name="hostAddress" value="172.16.213.211"/>
         <property name="sessionId" value="cc9dbf5277a738409352df0b2370268c"/>
         <property name="seleniumVersion" value="3.141.59"/>
         <property name="proxyInformation" value="ProxyInformation { proxyOption=NO_PROXY, proxyServerType=HTTP, username=, password=********, proxyServerAddress=, proxyServerPort=0, executionList=&quot;&quot;, isApplyToDesiredCapabilities=true }"/>
         <property name="platform" value="Windows 11"/>
      </properties>
      <testcase name="Test Cases/positive/pencarian/data produk" time="69.658" classname="Test Cases/positive/pencarian/data produk" status="PASSED">
         <system-out><![CDATA[12-02-2024T14:01:29 - [TEST_CASE][PASSED] - Test Cases/positive/pencarian/data produk: Test Cases/positive/pencarian/data produk

12-02-2024T14:01:30 - [TEST_STEP][PASSED] - openBrowser(""): Browser is opened with url: ''

12-02-2024T14:01:30 - [MESSAGE][INFO] - Starting 'Chrome' driver

12-02-2024T14:01:30 - [MESSAGE][INFO] - Action delay is set to 0 milliseconds

12-02-2024T14:01:32 - [MESSAGE][PASSED] - Browser is opened with url: ''

12-02-2024T14:01:32 - [TEST_STEP][PASSED] - maximizeWindow(): Current window maximized

12-02-2024T14:01:32 - [MESSAGE][PASSED] - Current window maximized

12-02-2024T14:01:32 - [TEST_STEP][PASSED] - navigateToUrl("https://advantageonlineshopping.com/#/"): Navigate to 'https://advantageonlineshopping.com/#/' successfully

12-02-2024T14:01:35 - [MESSAGE][PASSED] - Navigate to 'https://advantageonlineshopping.com/#/' successfully

12-02-2024T14:01:35 - [TEST_STEP][PASSED] - click(findTestObject("Object Repository/positive/pencarian/input valid/svg_Sign out_menuSearch")): Object: 'Object Repository/positive/pencarian/input valid/svg_Sign out_menuSearch' is clicked on

12-02-2024T14:01:39 - [MESSAGE][PASSED] - Object: 'Object Repository/positive/pencarian/input valid/svg_Sign out_menuSearch' is clicked on

12-02-2024T14:01:39 - [TEST_STEP][PASSED] - setText(findTestObject("Object Repository/positive/pencarian/input valid/input_Sign out_autoComplete"), namaProduk): Text 'HP ENVY - 17T TOUCH LAPTOP' is set on object 'Object Repository/positive/pencarian/input valid/input_Sign out_autoComplete'

12-02-2024T14:01:40 - [MESSAGE][PASSED] - Text 'HP ENVY - 17T TOUCH LAPTOP' is set on object 'Object Repository/positive/pencarian/input valid/input_Sign out_autoComplete'

12-02-2024T14:01:40 - [TEST_STEP][PASSED] - delay(5): Delayed 5 second(s)

12-02-2024T14:01:45 - [MESSAGE][PASSED] - Delayed 5 second(s)

12-02-2024T14:01:45 - [TEST_STEP][PASSED] - sendKeys(findTestObject("Object Repository/positive/pencarian/input valid/input_Sign out_autoComplete"), Keys.chord(ENTER)): Keys 'ENTER + ' sent to object: 'Object Repository/positive/pencarian/input valid/input_Sign out_autoComplete'

12-02-2024T14:02:15 - [MESSAGE][PASSED] - Keys 'ENTER + ' sent to object: 'Object Repository/positive/pencarian/input valid/input_Sign out_autoComplete'

12-02-2024T14:02:15 - [TEST_STEP][PASSED] - waitForElementVisible(findTestObject("Object Repository/data driven/card_result"), 5): Object 'Object Repository/data driven/card_result' is visible

12-02-2024T14:02:38 - [MESSAGE][PASSED] - Object 'Object Repository/data driven/card_result' is visible

12-02-2024T14:02:38 - [TEST_STEP][PASSED] - click(findTestObject("Object Repository/data driven/card_result")): Object: 'Object Repository/data driven/card_result' is clicked on

12-02-2024T14:02:39 - [MESSAGE][PASSED] - Object: 'Object Repository/data driven/card_result' is clicked on

12-02-2024T14:02:39 - [TEST_STEP][PASSED] - closeBrowser(): Browser is closed

12-02-2024T14:02:39 - [MESSAGE][PASSED] - Browser is closed]]></system-out>
         <system-err><![CDATA[]]></system-err>
      </testcase>
      <testcase name="Test Cases/positive/pencarian/data produk" time="97.346" classname="Test Cases/positive/pencarian/data produk" status="PASSED">
         <system-out><![CDATA[12-02-2024T14:02:39 - [TEST_CASE][PASSED] - Test Cases/positive/pencarian/data produk: Test Cases/positive/pencarian/data produk

12-02-2024T14:02:39 - [TEST_STEP][PASSED] - openBrowser(""): Browser is opened with url: ''

12-02-2024T14:02:39 - [MESSAGE][INFO] - Starting 'Chrome' driver

12-02-2024T14:02:39 - [MESSAGE][INFO] - Action delay is set to 0 milliseconds

12-02-2024T14:02:40 - [MESSAGE][PASSED] - Browser is opened with url: ''

12-02-2024T14:02:40 - [TEST_STEP][PASSED] - maximizeWindow(): Current window maximized

12-02-2024T14:02:40 - [MESSAGE][PASSED] - Current window maximized

12-02-2024T14:02:40 - [TEST_STEP][PASSED] - navigateToUrl("https://advantageonlineshopping.com/#/"): Navigate to 'https://advantageonlineshopping.com/#/' successfully

12-02-2024T14:02:43 - [MESSAGE][PASSED] - Navigate to 'https://advantageonlineshopping.com/#/' successfully

12-02-2024T14:02:43 - [TEST_STEP][PASSED] - click(findTestObject("Object Repository/positive/pencarian/input valid/svg_Sign out_menuSearch")): Object: 'Object Repository/positive/pencarian/input valid/svg_Sign out_menuSearch' is clicked on

12-02-2024T14:02:49 - [MESSAGE][PASSED] - Object: 'Object Repository/positive/pencarian/input valid/svg_Sign out_menuSearch' is clicked on

12-02-2024T14:02:49 - [TEST_STEP][PASSED] - setText(findTestObject("Object Repository/positive/pencarian/input valid/input_Sign out_autoComplete"), namaProduk): Text 'BOSE SOUNDLINK BLUETOOTH SPEAKER III' is set on object 'Object Repository/positive/pencarian/input valid/input_Sign out_autoComplete'

12-02-2024T14:02:50 - [MESSAGE][PASSED] - Text 'BOSE SOUNDLINK BLUETOOTH SPEAKER III' is set on object 'Object Repository/positive/pencarian/input valid/input_Sign out_autoComplete'

12-02-2024T14:02:50 - [TEST_STEP][PASSED] - delay(5): Delayed 5 second(s)

12-02-2024T14:02:55 - [MESSAGE][PASSED] - Delayed 5 second(s)

12-02-2024T14:02:55 - [TEST_STEP][PASSED] - sendKeys(findTestObject("Object Repository/positive/pencarian/input valid/input_Sign out_autoComplete"), Keys.chord(ENTER)): Keys 'ENTER + ' sent to object: 'Object Repository/positive/pencarian/input valid/input_Sign out_autoComplete'

12-02-2024T14:03:25 - [MESSAGE][PASSED] - Keys 'ENTER + ' sent to object: 'Object Repository/positive/pencarian/input valid/input_Sign out_autoComplete'

12-02-2024T14:03:25 - [TEST_STEP][PASSED] - waitForElementVisible(findTestObject("Object Repository/data driven/card_result"), 5): Object 'Object Repository/data driven/card_result' is visible

12-02-2024T14:03:55 - [MESSAGE][PASSED] - Object 'Object Repository/data driven/card_result' is visible

12-02-2024T14:03:55 - [TEST_STEP][PASSED] - click(findTestObject("Object Repository/data driven/card_result")): Object: 'Object Repository/data driven/card_result' is clicked on

12-02-2024T14:04:16 - [MESSAGE][PASSED] - Object: 'Object Repository/data driven/card_result' is clicked on

12-02-2024T14:04:16 - [TEST_STEP][PASSED] - closeBrowser(): Browser is closed

12-02-2024T14:04:16 - [MESSAGE][PASSED] - Browser is closed]]></system-out>
         <system-err><![CDATA[]]></system-err>
      </testcase>
      <testcase name="Test Cases/positive/pencarian/data produk" time="75.09" classname="Test Cases/positive/pencarian/data produk" status="PASSED">
         <system-out><![CDATA[12-02-2024T14:04:16 - [TEST_CASE][PASSED] - Test Cases/positive/pencarian/data produk: Test Cases/positive/pencarian/data produk

12-02-2024T14:04:16 - [TEST_STEP][PASSED] - openBrowser(""): Browser is opened with url: ''

12-02-2024T14:04:16 - [MESSAGE][INFO] - Starting 'Chrome' driver

12-02-2024T14:04:16 - [MESSAGE][INFO] - Action delay is set to 0 milliseconds

12-02-2024T14:04:17 - [MESSAGE][PASSED] - Browser is opened with url: ''

12-02-2024T14:04:17 - [TEST_STEP][PASSED] - maximizeWindow(): Current window maximized

12-02-2024T14:04:17 - [MESSAGE][PASSED] - Current window maximized

12-02-2024T14:04:17 - [TEST_STEP][PASSED] - navigateToUrl("https://advantageonlineshopping.com/#/"): Navigate to 'https://advantageonlineshopping.com/#/' successfully

12-02-2024T14:04:20 - [MESSAGE][PASSED] - Navigate to 'https://advantageonlineshopping.com/#/' successfully

12-02-2024T14:04:20 - [TEST_STEP][PASSED] - click(findTestObject("Object Repository/positive/pencarian/input valid/svg_Sign out_menuSearch")): Object: 'Object Repository/positive/pencarian/input valid/svg_Sign out_menuSearch' is clicked on

12-02-2024T14:04:25 - [MESSAGE][PASSED] - Object: 'Object Repository/positive/pencarian/input valid/svg_Sign out_menuSearch' is clicked on

12-02-2024T14:04:25 - [TEST_STEP][PASSED] - setText(findTestObject("Object Repository/positive/pencarian/input valid/input_Sign out_autoComplete"), namaProduk): Text 'HP USB 3 BUTTON OPTICAL MOUSE' is set on object 'Object Repository/positive/pencarian/input valid/input_Sign out_autoComplete'

12-02-2024T14:04:26 - [MESSAGE][PASSED] - Text 'HP USB 3 BUTTON OPTICAL MOUSE' is set on object 'Object Repository/positive/pencarian/input valid/input_Sign out_autoComplete'

12-02-2024T14:04:26 - [TEST_STEP][PASSED] - delay(5): Delayed 5 second(s)

12-02-2024T14:04:31 - [MESSAGE][PASSED] - Delayed 5 second(s)

12-02-2024T14:04:31 - [TEST_STEP][PASSED] - sendKeys(findTestObject("Object Repository/positive/pencarian/input valid/input_Sign out_autoComplete"), Keys.chord(ENTER)): Keys 'ENTER + ' sent to object: 'Object Repository/positive/pencarian/input valid/input_Sign out_autoComplete'

12-02-2024T14:05:01 - [MESSAGE][PASSED] - Keys 'ENTER + ' sent to object: 'Object Repository/positive/pencarian/input valid/input_Sign out_autoComplete'

12-02-2024T14:05:01 - [TEST_STEP][PASSED] - waitForElementVisible(findTestObject("Object Repository/data driven/card_result"), 5): Object 'Object Repository/data driven/card_result' is visible

12-02-2024T14:05:31 - [MESSAGE][PASSED] - Object 'Object Repository/data driven/card_result' is visible

12-02-2024T14:05:31 - [TEST_STEP][PASSED] - click(findTestObject("Object Repository/data driven/card_result")): Object: 'Object Repository/data driven/card_result' is clicked on

12-02-2024T14:05:31 - [MESSAGE][PASSED] - Object: 'Object Repository/data driven/card_result' is clicked on

12-02-2024T14:05:31 - [TEST_STEP][PASSED] - closeBrowser(): Browser is closed

12-02-2024T14:05:31 - [MESSAGE][PASSED] - Browser is closed]]></system-out>
         <system-err><![CDATA[]]></system-err>
      </testcase>
      <testcase name="Test Cases/positive/pencarian/data produk" time="69.839" classname="Test Cases/positive/pencarian/data produk" status="PASSED">
         <system-out><![CDATA[12-02-2024T14:05:32 - [TEST_CASE][PASSED] - Test Cases/positive/pencarian/data produk: Test Cases/positive/pencarian/data produk

12-02-2024T14:05:32 - [TEST_STEP][PASSED] - openBrowser(""): Browser is opened with url: ''

12-02-2024T14:05:32 - [MESSAGE][INFO] - Starting 'Chrome' driver

12-02-2024T14:05:32 - [MESSAGE][INFO] - Action delay is set to 0 milliseconds

12-02-2024T14:05:32 - [MESSAGE][PASSED] - Browser is opened with url: ''

12-02-2024T14:05:32 - [TEST_STEP][PASSED] - maximizeWindow(): Current window maximized

12-02-2024T14:05:32 - [MESSAGE][PASSED] - Current window maximized

12-02-2024T14:05:32 - [TEST_STEP][PASSED] - navigateToUrl("https://advantageonlineshopping.com/#/"): Navigate to 'https://advantageonlineshopping.com/#/' successfully

12-02-2024T14:05:37 - [MESSAGE][PASSED] - Navigate to 'https://advantageonlineshopping.com/#/' successfully

12-02-2024T14:05:37 - [TEST_STEP][PASSED] - click(findTestObject("Object Repository/positive/pencarian/input valid/svg_Sign out_menuSearch")): Object: 'Object Repository/positive/pencarian/input valid/svg_Sign out_menuSearch' is clicked on

12-02-2024T14:05:43 - [MESSAGE][PASSED] - Object: 'Object Repository/positive/pencarian/input valid/svg_Sign out_menuSearch' is clicked on

12-02-2024T14:05:43 - [TEST_STEP][PASSED] - setText(findTestObject("Object Repository/positive/pencarian/input valid/input_Sign out_autoComplete"), namaProduk): Text 'HP ELITEPAD 1000 G2 TABLET' is set on object 'Object Repository/positive/pencarian/input valid/input_Sign out_autoComplete'

12-02-2024T14:05:44 - [MESSAGE][PASSED] - Text 'HP ELITEPAD 1000 G2 TABLET' is set on object 'Object Repository/positive/pencarian/input valid/input_Sign out_autoComplete'

12-02-2024T14:05:44 - [TEST_STEP][PASSED] - delay(5): Delayed 5 second(s)

12-02-2024T14:05:49 - [MESSAGE][PASSED] - Delayed 5 second(s)

12-02-2024T14:05:49 - [TEST_STEP][PASSED] - sendKeys(findTestObject("Object Repository/positive/pencarian/input valid/input_Sign out_autoComplete"), Keys.chord(ENTER)): Keys 'ENTER + ' sent to object: 'Object Repository/positive/pencarian/input valid/input_Sign out_autoComplete'

12-02-2024T14:06:19 - [MESSAGE][PASSED] - Keys 'ENTER + ' sent to object: 'Object Repository/positive/pencarian/input valid/input_Sign out_autoComplete'

12-02-2024T14:06:19 - [TEST_STEP][PASSED] - waitForElementVisible(findTestObject("Object Repository/data driven/card_result"), 5): Object 'Object Repository/data driven/card_result' is visible

12-02-2024T14:06:40 - [MESSAGE][PASSED] - Object 'Object Repository/data driven/card_result' is visible

12-02-2024T14:06:40 - [TEST_STEP][PASSED] - click(findTestObject("Object Repository/data driven/card_result")): Object: 'Object Repository/data driven/card_result' is clicked on

12-02-2024T14:06:41 - [MESSAGE][PASSED] - Object: 'Object Repository/data driven/card_result' is clicked on

12-02-2024T14:06:41 - [TEST_STEP][PASSED] - closeBrowser(): Browser is closed

12-02-2024T14:06:41 - [MESSAGE][PASSED] - Browser is closed]]></system-out>
         <system-err><![CDATA[]]></system-err>
      </testcase>
      <system-out><![CDATA[12-02-2024T14:01:29 - [TEST_SUITE][PASSED] - pencarian_positive: Test Cases/positive/pencarian/data produk]]></system-out>
      <system-err><![CDATA[]]></system-err>
   </testsuite>
</testsuites>
