<?xml version="1.0" encoding="UTF-8"?>
<testsuites name="akun" time="87.877" tests="2" failures="0" errors="0">
   <testsuite name="akun" tests="2" failures="0" errors="0" time="87.877" skipped="0" timestamp="12-02-2024T15:18:29" hostname="ASUS - LAPTOP-86QR281O" id="Test Suites/account/akun">
      <properties>
         <property name="deviceName" value=""/>
         <property name="devicePlatform" value=""/>
         <property name="logFolder" value="C:\\Users\\ASUS\\Documents\\Bismillah BFLP IT\\BOOTCAMP IT\\Katalon\\FPBootcamp\\Reports\\20240212_150953\\account\\akun\\20240212_150959"/>
         <property name="logFiles" value="C:\\Users\\ASUS\\Documents\\Bismillah BFLP IT\\BOOTCAMP IT\\Katalon\\FPBootcamp\\Reports\\20240212_150953\\account\\akun\\20240212_150959\\execution0.log"/>
         <property name="attachments" value=""/>
         <property name="hostName" value="ASUS - LAPTOP-86QR281O"/>
         <property name="os" value="Windows 11 64bit"/>
         <property name="katalonVersion" value="9.3.0.212"/>
         <property name="browser" value="Chrome 121.0.0.0"/>
         <property name="hostAddress" value="172.16.213.211"/>
         <property name="sessionId" value="e480ebddb5c5ff2b069d6029b328d427"/>
         <property name="seleniumVersion" value="3.141.59"/>
         <property name="proxyInformation" value="ProxyInformation { proxyOption=NO_PROXY, proxyServerType=HTTP, username=, password=********, proxyServerAddress=, proxyServerPort=0, executionList=&quot;&quot;, isApplyToDesiredCapabilities=true }"/>
         <property name="platform" value="Windows 11"/>
      </properties>
      <testcase name="Test Cases/positive/akun/login" time="45.375" classname="Test Cases/positive/akun/login" status="PASSED">
         <system-out><![CDATA[12-02-2024T15:18:29 - [TEST_CASE][PASSED] - Test Cases/positive/akun/login: Test Cases/positive/akun/login

12-02-2024T15:18:30 - [TEST_STEP][PASSED] - openBrowser(""): Browser is opened with url: ''

12-02-2024T15:18:30 - [MESSAGE][INFO] - Starting 'Chrome' driver

12-02-2024T15:18:31 - [MESSAGE][INFO] - Action delay is set to 0 milliseconds

12-02-2024T15:18:33 - [MESSAGE][PASSED] - Browser is opened with url: ''

12-02-2024T15:18:33 - [TEST_STEP][PASSED] - navigateToUrl(url): Navigate to 'https://advantageonlineshopping.com/' successfully

12-02-2024T15:18:37 - [MESSAGE][PASSED] - Navigate to 'https://advantageonlineshopping.com/' successfully

12-02-2024T15:18:37 - [TEST_STEP][PASSED] - click(findTestObject("Object Repository/login/Page_Advantage Shopping/path_CHECKOUT  (0.00)_menuUserSVGPath")): Object: 'Object Repository/login/Page_Advantage Shopping/path_CHECKOUT  (0.00)_menuUserSVGPath' is clicked on

12-02-2024T15:19:08 - [MESSAGE][INFO] - Unable to find the element located by 'By.xpath: //path[@id = 'menuUserSVGPath']'. Please recheck the objects properties to make sure the desired element is located. 

12-02-2024T15:19:08 - [MESSAGE][WARNING] - [SELF-HEALING] Failed to find element with id 'Object Repository/login/Page_Advantage Shopping/path_CHECKOUT  (0.00)_menuUserSVGPath'. Try using Self-healing.

12-02-2024T15:19:09 - [MESSAGE][WARNING] - [SELF-HEALING] The current locator of test object 'Object Repository/login/Page_Advantage Shopping/path_CHECKOUT  (0.00)_menuUserSVGPath' was broken. Propose an alternative one: '//*[@id = 'menuUserSVGPath']'.

12-02-2024T15:19:09 - [MESSAGE][PASSED] - Object: 'Object Repository/login/Page_Advantage Shopping/path_CHECKOUT  (0.00)_menuUserSVGPath' is clicked on

12-02-2024T15:19:09 - [TEST_STEP][PASSED] - setText(findTestObject("Object Repository/login/Page_Advantage Shopping/input_OR_username"), "claelynt"): Text 'claelynt' is set on object 'Object Repository/login/Page_Advantage Shopping/input_OR_username'

12-02-2024T15:19:10 - [MESSAGE][PASSED] - Text 'claelynt' is set on object 'Object Repository/login/Page_Advantage Shopping/input_OR_username'

12-02-2024T15:19:10 - [TEST_STEP][PASSED] - setEncryptedText(findTestObject("Object Repository/login/Page_Advantage Shopping/input_Username_password"), "eORqx8DpZuw="): Text ****** has been set on object 'Object Repository/login/Page_Advantage Shopping/input_Username_password'

12-02-2024T15:19:11 - [MESSAGE][PASSED] - Text ****** has been set on object 'Object Repository/login/Page_Advantage Shopping/input_Username_password'

12-02-2024T15:19:11 - [TEST_STEP][PASSED] - click(findTestObject("Object Repository/login/Page_Advantage Shopping/button_SIGN IN")): Object: 'Object Repository/login/Page_Advantage Shopping/button_SIGN IN' is clicked on

12-02-2024T15:19:12 - [MESSAGE][PASSED] - Object: 'Object Repository/login/Page_Advantage Shopping/button_SIGN IN' is clicked on

12-02-2024T15:19:12 - [TEST_STEP][PASSED] - closeBrowser(): Browser is closed

12-02-2024T15:19:12 - [MESSAGE][PASSED] - Browser is closed

12-02-2024T15:19:14 - [TEST_STEP][PASSED] - Video: Video recording for test case 'Test Cases/positive/akun/login' .

12-02-2024T15:19:14 - [MESSAGE][INFO] - Video recording for test case 'Test Cases/positive/akun/login' .]]></system-out>
         <system-err><![CDATA[]]></system-err>
      </testcase>
      <testcase name="Test Cases/positive/akun/register" time="42.061" classname="Test Cases/positive/akun/register" status="PASSED">
         <system-out><![CDATA[12-02-2024T15:19:14 - [TEST_CASE][PASSED] - Test Cases/positive/akun/register: Test Cases/positive/akun/register

12-02-2024T15:19:15 - [TEST_STEP][PASSED] - openBrowser(""): Browser is opened with url: ''

12-02-2024T15:19:15 - [MESSAGE][INFO] - Starting 'Chrome' driver

12-02-2024T15:19:15 - [MESSAGE][INFO] - Action delay is set to 0 milliseconds

12-02-2024T15:19:16 - [MESSAGE][PASSED] - Browser is opened with url: ''

12-02-2024T15:19:16 - [TEST_STEP][PASSED] - navigateToUrl("https://advantageonlineshopping.com/#/"): Navigate to 'https://advantageonlineshopping.com/#/' successfully

12-02-2024T15:19:20 - [MESSAGE][PASSED] - Navigate to 'https://advantageonlineshopping.com/#/' successfully

12-02-2024T15:19:20 - [TEST_STEP][PASSED] - click(findTestObject("Object Repository/login/register/Page_Advantage Shopping/svg_CHECKOUT  (0.00)_menuUser")): Object: 'Object Repository/login/register/Page_Advantage Shopping/svg_CHECKOUT  (0.00)_menuUser' is clicked on

12-02-2024T15:19:24 - [MESSAGE][PASSED] - Object: 'Object Repository/login/register/Page_Advantage Shopping/svg_CHECKOUT  (0.00)_menuUser' is clicked on

12-02-2024T15:19:24 - [TEST_STEP][PASSED] - click(findTestObject("Object Repository/login/register/Page_Advantage Shopping/a_CREATE NEW ACCOUNT")): Object: 'Object Repository/login/register/Page_Advantage Shopping/a_CREATE NEW ACCOUNT' is clicked on

12-02-2024T15:19:25 - [MESSAGE][PASSED] - Object: 'Object Repository/login/register/Page_Advantage Shopping/a_CREATE NEW ACCOUNT' is clicked on

12-02-2024T15:19:25 - [TEST_STEP][PASSED] - setText(findTestObject("Object Repository/login/register/Page_Advantage Shopping/input__usernameRegisterPage"), "clae123"): Text 'clae123' is set on object 'Object Repository/login/register/Page_Advantage Shopping/input__usernameRegisterPage'

12-02-2024T15:19:32 - [MESSAGE][PASSED] - Text 'clae123' is set on object 'Object Repository/login/register/Page_Advantage Shopping/input__usernameRegisterPage'

12-02-2024T15:19:32 - [TEST_STEP][PASSED] - click(findTestObject("Object Repository/login/register/Page_Advantage Shopping/label_Email")): Object: 'Object Repository/login/register/Page_Advantage Shopping/label_Email' is clicked on

12-02-2024T15:19:33 - [MESSAGE][PASSED] - Object: 'Object Repository/login/register/Page_Advantage Shopping/label_Email' is clicked on

12-02-2024T15:19:33 - [TEST_STEP][PASSED] - setText(findTestObject("Object Repository/login/register/Page_Advantage Shopping/input__emailRegisterPage"), "clae123@gmail.com"): Text 'clae123@gmail.com' is set on object 'Object Repository/login/register/Page_Advantage Shopping/input__emailRegisterPage'

12-02-2024T15:19:34 - [MESSAGE][PASSED] - Text 'clae123@gmail.com' is set on object 'Object Repository/login/register/Page_Advantage Shopping/input__emailRegisterPage'

12-02-2024T15:19:34 - [TEST_STEP][PASSED] - setEncryptedText(findTestObject("Object Repository/login/register/Page_Advantage Shopping/input__passwordRegisterPage"), "eORqx8DpZuw="): Text ****** has been set on object 'Object Repository/login/register/Page_Advantage Shopping/input__passwordRegisterPage'

12-02-2024T15:19:35 - [MESSAGE][PASSED] - Text ****** has been set on object 'Object Repository/login/register/Page_Advantage Shopping/input__passwordRegisterPage'

12-02-2024T15:19:35 - [TEST_STEP][PASSED] - click(findTestObject("Object Repository/login/register/Page_Advantage Shopping/label_Confirm password")): Object: 'Object Repository/login/register/Page_Advantage Shopping/label_Confirm password' is clicked on

12-02-2024T15:19:36 - [MESSAGE][PASSED] - Object: 'Object Repository/login/register/Page_Advantage Shopping/label_Confirm password' is clicked on

12-02-2024T15:19:36 - [TEST_STEP][PASSED] - setEncryptedText(findTestObject("Object Repository/login/register/Page_Advantage Shopping/input__confirm_passwordRegisterPage"), "eORqx8DpZuw="): Text ****** has been set on object 'Object Repository/login/register/Page_Advantage Shopping/input__confirm_passwordRegisterPage'

12-02-2024T15:19:36 - [MESSAGE][PASSED] - Text ****** has been set on object 'Object Repository/login/register/Page_Advantage Shopping/input__confirm_passwordRegisterPage'

12-02-2024T15:19:36 - [TEST_STEP][PASSED] - setText(findTestObject("Object Repository/login/register/Page_Advantage Shopping/input_PERSONAL DETAILS_first_nameRegisterPage"), "Clae"): Text 'Clae' is set on object 'Object Repository/login/register/Page_Advantage Shopping/input_PERSONAL DETAILS_first_nameRegisterPage'

12-02-2024T15:19:38 - [MESSAGE][PASSED] - Text 'Clae' is set on object 'Object Repository/login/register/Page_Advantage Shopping/input_PERSONAL DETAILS_first_nameRegisterPage'

12-02-2024T15:19:38 - [TEST_STEP][PASSED] - setText(findTestObject("Object Repository/login/register/Page_Advantage Shopping/input_- Use maximum 30 character_last_nameR_6ef033"), "123"): Text '123' is set on object 'Object Repository/login/register/Page_Advantage Shopping/input_- Use maximum 30 character_last_nameR_6ef033'

12-02-2024T15:19:39 - [MESSAGE][PASSED] - Text '123' is set on object 'Object Repository/login/register/Page_Advantage Shopping/input_- Use maximum 30 character_last_nameR_6ef033'

12-02-2024T15:19:39 - [TEST_STEP][PASSED] - setText(findTestObject("Object Repository/login/register/Page_Advantage Shopping/input_- Use maximum 30 character_phone_numb_7c938a"), "123"): Text '123' is set on object 'Object Repository/login/register/Page_Advantage Shopping/input_- Use maximum 30 character_phone_numb_7c938a'

12-02-2024T15:19:40 - [MESSAGE][PASSED] - Text '123' is set on object 'Object Repository/login/register/Page_Advantage Shopping/input_- Use maximum 30 character_phone_numb_7c938a'

12-02-2024T15:19:40 - [TEST_STEP][PASSED] - selectOptionByValue(findTestObject("Object Repository/login/register/Page_Advantage Shopping/select_AfganistanAlbaniaAlgeriaAmerican Sam_3cef8a"), "object:177", true): All options with value 'object:177' are selected in object 'Object Repository/login/register/Page_Advantage Shopping/select_AfganistanAlbaniaAlgeriaAmerican Sam_3cef8a'  using regular expression

12-02-2024T15:19:46 - [MESSAGE][PASSED] - All options with value 'object:177' are selected in object 'Object Repository/login/register/Page_Advantage Shopping/select_AfganistanAlbaniaAlgeriaAmerican Sam_3cef8a'  using regular expression

12-02-2024T15:19:46 - [TEST_STEP][PASSED] - click(findTestObject("Object Repository/login/register/Page_Advantage Shopping/label_City")): Object: 'Object Repository/login/register/Page_Advantage Shopping/label_City' is clicked on

12-02-2024T15:19:47 - [MESSAGE][PASSED] - Object: 'Object Repository/login/register/Page_Advantage Shopping/label_City' is clicked on

12-02-2024T15:19:47 - [TEST_STEP][PASSED] - setText(findTestObject("Object Repository/login/register/Page_Advantage Shopping/input_Country_cityRegisterPage"), "sby"): Text 'sby' is set on object 'Object Repository/login/register/Page_Advantage Shopping/input_Country_cityRegisterPage'

12-02-2024T15:19:48 - [MESSAGE][PASSED] - Text 'sby' is set on object 'Object Repository/login/register/Page_Advantage Shopping/input_Country_cityRegisterPage'

12-02-2024T15:19:48 - [TEST_STEP][PASSED] - setText(findTestObject("Object Repository/login/register/Page_Advantage Shopping/input_- Use maximum 25 character_addressReg_9e23b3"), "sby"): Text 'sby' is set on object 'Object Repository/login/register/Page_Advantage Shopping/input_- Use maximum 25 character_addressReg_9e23b3'

12-02-2024T15:19:49 - [MESSAGE][PASSED] - Text 'sby' is set on object 'Object Repository/login/register/Page_Advantage Shopping/input_- Use maximum 25 character_addressReg_9e23b3'

12-02-2024T15:19:49 - [TEST_STEP][PASSED] - click(findTestObject("Object Repository/login/register/Page_Advantage Shopping/label_State  Province  Region")): Object: 'Object Repository/login/register/Page_Advantage Shopping/label_State  Province  Region' is clicked on

12-02-2024T15:19:50 - [MESSAGE][PASSED] - Object: 'Object Repository/login/register/Page_Advantage Shopping/label_State  Province  Region' is clicked on

12-02-2024T15:19:50 - [TEST_STEP][PASSED] - setText(findTestObject("Object Repository/login/register/Page_Advantage Shopping/input_- Use maximum 50 character_state__pro_272a54"), "sby"): Text 'sby' is set on object 'Object Repository/login/register/Page_Advantage Shopping/input_- Use maximum 50 character_state__pro_272a54'

12-02-2024T15:19:51 - [MESSAGE][PASSED] - Text 'sby' is set on object 'Object Repository/login/register/Page_Advantage Shopping/input_- Use maximum 50 character_state__pro_272a54'

12-02-2024T15:19:51 - [TEST_STEP][PASSED] - setText(findTestObject("Object Repository/login/register/Page_Advantage Shopping/input_- Use maximum 10 character_postal_cod_639c2f"), "123"): Text '123' is set on object 'Object Repository/login/register/Page_Advantage Shopping/input_- Use maximum 10 character_postal_cod_639c2f'

12-02-2024T15:19:53 - [MESSAGE][PASSED] - Text '123' is set on object 'Object Repository/login/register/Page_Advantage Shopping/input_- Use maximum 10 character_postal_cod_639c2f'

12-02-2024T15:19:53 - [TEST_STEP][PASSED] - click(findTestObject("Object Repository/login/register/Page_Advantage Shopping/input_Receive exclusive offers and promotio_5c7450")): Object: 'Object Repository/login/register/Page_Advantage Shopping/input_Receive exclusive offers and promotio_5c7450' is clicked on

12-02-2024T15:19:53 - [MESSAGE][PASSED] - Object: 'Object Repository/login/register/Page_Advantage Shopping/input_Receive exclusive offers and promotio_5c7450' is clicked on

12-02-2024T15:19:53 - [TEST_STEP][PASSED] - click(findTestObject("Object Repository/login/register/Page_Advantage Shopping/button_REGISTER")): Object: 'Object Repository/login/register/Page_Advantage Shopping/button_REGISTER' is clicked on

12-02-2024T15:19:54 - [MESSAGE][PASSED] - Object: 'Object Repository/login/register/Page_Advantage Shopping/button_REGISTER' is clicked on

12-02-2024T15:19:54 - [TEST_STEP][PASSED] - closeBrowser(): Browser is closed

12-02-2024T15:19:54 - [MESSAGE][PASSED] - Browser is closed

12-02-2024T15:19:56 - [TEST_STEP][PASSED] - Video: Video recording for test case 'Test Cases/positive/akun/register' .

12-02-2024T15:19:56 - [MESSAGE][INFO] - Video recording for test case 'Test Cases/positive/akun/register' .]]></system-out>
         <system-err><![CDATA[]]></system-err>
      </testcase>
      <system-out><![CDATA[12-02-2024T15:18:29 - [TEST_SUITE][PASSED] - akun: Test Cases/positive/akun/register]]></system-out>
      <system-err><![CDATA[]]></system-err>
   </testsuite>
</testsuites>
