<?xml version="1.0" encoding="UTF-8"?>
<testsuites name="Advantage App" time="511.143" tests="7" failures="0" errors="0">
   <testsuite name="pencarian_negative" tests="1" failures="0" errors="0" time="42.01" skipped="0" timestamp="12-02-2024T14:11:11" hostname="ASUS - LAPTOP-86QR281O" id="Test Suites/discovery_negative/pencarian_negative">
      <properties>
         <property name="deviceName" value=""/>
         <property name="devicePlatform" value=""/>
         <property name="logFolder" value="C:\\Users\\ASUS\\Documents\\Bismillah BFLP IT\\BOOTCAMP IT\\Katalon\\FPBootcamp\\Reports\\20240212_141056\\discovery_negative\\pencarian_negative\\20240212_141057"/>
         <property name="logFiles" value="C:\\Users\\ASUS\\Documents\\Bismillah BFLP IT\\BOOTCAMP IT\\Katalon\\FPBootcamp\\Reports\\20240212_141056\\discovery_negative\\pencarian_negative\\20240212_141057\\execution0.log"/>
         <property name="attachments" value=""/>
         <property name="hostName" value="ASUS - LAPTOP-86QR281O"/>
         <property name="os" value="Windows 11 64bit"/>
         <property name="katalonVersion" value="9.3.0.212"/>
         <property name="browser" value="Chrome 121.0.0.0"/>
         <property name="hostAddress" value="172.16.213.211"/>
         <property name="sessionId" value="f4b957a46c7b262406f151373a86f2c6"/>
         <property name="seleniumVersion" value="3.141.59"/>
         <property name="proxyInformation" value="ProxyInformation { proxyOption=NO_PROXY, proxyServerType=HTTP, username=, password=********, proxyServerAddress=, proxyServerPort=0, executionList=&quot;&quot;, isApplyToDesiredCapabilities=true }"/>
         <property name="platform" value="Windows 11"/>
      </properties>
      <testcase name="Test Cases/negative/pencarian/pencarian_notfound" time="41.553" classname="Test Cases/negative/pencarian/pencarian_notfound" status="PASSED">
         <system-out><![CDATA[12-02-2024T14:11:11 - [TEST_CASE][PASSED] - Test Cases/negative/pencarian/pencarian_notfound: Test Cases/negative/pencarian/pencarian_notfound

12-02-2024T14:11:12 - [TEST_STEP][PASSED] - openBrowser(""): Browser is opened with url: ''

12-02-2024T14:11:13 - [MESSAGE][INFO] - Starting 'Chrome' driver

12-02-2024T14:11:13 - [MESSAGE][INFO] - Action delay is set to 0 milliseconds

12-02-2024T14:11:15 - [MESSAGE][PASSED] - Browser is opened with url: ''

12-02-2024T14:11:16 - [TEST_STEP][PASSED] - maximizeWindow(): Current window maximized

12-02-2024T14:11:16 - [MESSAGE][PASSED] - Current window maximized

12-02-2024T14:11:16 - [TEST_STEP][PASSED] - navigateToUrl(url): Navigate to 'https://advantageonlineshopping.com/' successfully

12-02-2024T14:11:20 - [MESSAGE][PASSED] - Navigate to 'https://advantageonlineshopping.com/' successfully

12-02-2024T14:11:20 - [TEST_STEP][PASSED] - click(findTestObject("Object Repository/negative/input not found/svg_Sign out_menuSearch")): Object: 'Object Repository/negative/input not found/svg_Sign out_menuSearch' is clicked on

12-02-2024T14:11:24 - [MESSAGE][PASSED] - Object: 'Object Repository/negative/input not found/svg_Sign out_menuSearch' is clicked on

12-02-2024T14:11:24 - [TEST_STEP][PASSED] - setText(findTestObject("Object Repository/negative/input not found/input_Sign out_autoComplete"), "charger"): Text 'charger' is set on object 'Object Repository/negative/input not found/input_Sign out_autoComplete'

12-02-2024T14:11:26 - [MESSAGE][PASSED] - Text 'charger' is set on object 'Object Repository/negative/input not found/input_Sign out_autoComplete'

12-02-2024T14:11:26 - [TEST_STEP][PASSED] - sendKeys(findTestObject("Object Repository/negative/input not found/input_Sign out_autoComplete"), Keys.chord(ENTER)): Keys 'ENTER + ' sent to object: 'Object Repository/negative/input not found/input_Sign out_autoComplete'

12-02-2024T14:11:40 - [MESSAGE][PASSED] - Keys 'ENTER + ' sent to object: 'Object Repository/negative/input not found/input_Sign out_autoComplete'

12-02-2024T14:11:40 - [TEST_STEP][PASSED] - if (verifyElementNotVisible(findTestObject("Object Repository/positive/pencarian/popup_element"))): Object: 'Object Repository/positive/pencarian/input valid/button_ADD TO CART' is clicked on

12-02-2024T14:11:42 - [MESSAGE][PASSED] - Object 'Object Repository/positive/pencarian/popup_element' is NOT visible

12-02-2024T14:11:42 - [TEST_STEP][PASSED] - click(findTestObject("Object Repository/positive/pencarian/input valid/svg_Sign out_menuSearch")): Object: 'Object Repository/positive/pencarian/input valid/svg_Sign out_menuSearch' is clicked on

12-02-2024T14:11:42 - [MESSAGE][PASSED] - Object: 'Object Repository/positive/pencarian/input valid/svg_Sign out_menuSearch' is clicked on

12-02-2024T14:11:42 - [TEST_STEP][PASSED] - setText(findTestObject("Object Repository/positive/pencarian/input valid/input_Sign out_autoComplete"), "hp pavilion 15z touch laptop"): Text 'hp pavilion 15z touch laptop' is set on object 'Object Repository/positive/pencarian/input valid/input_Sign out_autoComplete'

12-02-2024T14:11:44 - [MESSAGE][PASSED] - Text 'hp pavilion 15z touch laptop' is set on object 'Object Repository/positive/pencarian/input valid/input_Sign out_autoComplete'

12-02-2024T14:11:44 - [TEST_STEP][PASSED] - sendKeys(findTestObject("Object Repository/positive/pencarian/input valid/input_Sign out_autoComplete"), Keys.chord(ENTER)): Keys 'ENTER + ' sent to object: 'Object Repository/positive/pencarian/input valid/input_Sign out_autoComplete'

12-02-2024T14:11:45 - [MESSAGE][PASSED] - Keys 'ENTER + ' sent to object: 'Object Repository/positive/pencarian/input valid/input_Sign out_autoComplete'

12-02-2024T14:11:45 - [TEST_STEP][PASSED] - click(findTestObject("Object Repository/positive/pencarian/input valid/li_SOLD OUT                                _5c76cc")): Object: 'Object Repository/positive/pencarian/input valid/li_SOLD OUT                                _5c76cc' is clicked on

12-02-2024T14:11:46 - [MESSAGE][PASSED] - Object: 'Object Repository/positive/pencarian/input valid/li_SOLD OUT                                _5c76cc' is clicked on

12-02-2024T14:11:46 - [TEST_STEP][PASSED] - click(findTestObject("Object Repository/positive/pencarian/input valid/button_ADD TO CART")): Object: 'Object Repository/positive/pencarian/input valid/button_ADD TO CART' is clicked on

12-02-2024T14:11:51 - [MESSAGE][PASSED] - Object: 'Object Repository/positive/pencarian/input valid/button_ADD TO CART' is clicked on

12-02-2024T14:11:51 - [TEST_STEP][PASSED] - closeBrowser(): Browser is closed

12-02-2024T14:11:51 - [MESSAGE][PASSED] - Browser is closed

12-02-2024T14:11:53 - [TEST_STEP][PASSED] - Video: Video recording for test case 'Test Cases/negative/pencarian/pencarian_notfound' .

12-02-2024T14:11:53 - [MESSAGE][INFO] - Video recording for test case 'Test Cases/negative/pencarian/pencarian_notfound' .]]></system-out>
         <system-err><![CDATA[]]></system-err>
      </testcase>
      <system-out><![CDATA[12-02-2024T14:11:11 - [TEST_SUITE][PASSED] - pencarian_negative: Test Cases/negative/pencarian/pencarian_notfound]]></system-out>
      <system-err><![CDATA[]]></system-err>
   </testsuite>
   <testsuite name="pencarian_positive" tests="4" failures="0" errors="0" time="350.542" skipped="0" timestamp="12-02-2024T14:12:03" hostname="ASUS - LAPTOP-86QR281O" id="Test Suites/discovery_positive/pencarian_positive">
      <properties>
         <property name="deviceName" value=""/>
         <property name="devicePlatform" value=""/>
         <property name="logFolder" value="C:\\Users\\ASUS\\Documents\\Bismillah BFLP IT\\BOOTCAMP IT\\Katalon\\FPBootcamp\\Reports\\20240212_141056\\discovery_positive\\pencarian_positive\\20240212_141059"/>
         <property name="logFiles" value="C:\\Users\\ASUS\\Documents\\Bismillah BFLP IT\\BOOTCAMP IT\\Katalon\\FPBootcamp\\Reports\\20240212_141056\\discovery_positive\\pencarian_positive\\20240212_141059\\execution0.log"/>
         <property name="attachments" value=""/>
         <property name="hostName" value="ASUS - LAPTOP-86QR281O"/>
         <property name="os" value="Windows 11 64bit"/>
         <property name="katalonVersion" value="9.3.0.212"/>
         <property name="browser" value="Chrome 121.0.0.0"/>
         <property name="hostAddress" value="172.16.213.211"/>
         <property name="sessionId" value="780a96eee51414af30cceed408e82a48"/>
         <property name="seleniumVersion" value="3.141.59"/>
         <property name="proxyInformation" value="ProxyInformation { proxyOption=NO_PROXY, proxyServerType=HTTP, username=, password=********, proxyServerAddress=, proxyServerPort=0, executionList=&quot;&quot;, isApplyToDesiredCapabilities=true }"/>
         <property name="platform" value="Windows 11"/>
      </properties>
      <testcase name="Test Cases/positive/pencarian/data produk" time="78.326" classname="Test Cases/positive/pencarian/data produk" status="PASSED">
         <system-out><![CDATA[12-02-2024T14:12:03 - [TEST_CASE][PASSED] - Test Cases/positive/pencarian/data produk: Test Cases/positive/pencarian/data produk

12-02-2024T14:12:04 - [TEST_STEP][PASSED] - openBrowser(""): Browser is opened with url: ''

12-02-2024T14:12:05 - [MESSAGE][INFO] - Starting 'Chrome' driver

12-02-2024T14:12:05 - [MESSAGE][INFO] - Action delay is set to 0 milliseconds

12-02-2024T14:12:07 - [MESSAGE][PASSED] - Browser is opened with url: ''

12-02-2024T14:12:07 - [TEST_STEP][PASSED] - maximizeWindow(): Current window maximized

12-02-2024T14:12:07 - [MESSAGE][PASSED] - Current window maximized

12-02-2024T14:12:07 - [TEST_STEP][PASSED] - navigateToUrl("https://advantageonlineshopping.com/#/"): Navigate to 'https://advantageonlineshopping.com/#/' successfully

12-02-2024T14:12:12 - [MESSAGE][PASSED] - Navigate to 'https://advantageonlineshopping.com/#/' successfully

12-02-2024T14:12:12 - [TEST_STEP][PASSED] - click(findTestObject("Object Repository/positive/pencarian/input valid/svg_Sign out_menuSearch")): Object: 'Object Repository/positive/pencarian/input valid/svg_Sign out_menuSearch' is clicked on

12-02-2024T14:12:16 - [MESSAGE][PASSED] - Object: 'Object Repository/positive/pencarian/input valid/svg_Sign out_menuSearch' is clicked on

12-02-2024T14:12:16 - [TEST_STEP][PASSED] - setText(findTestObject("Object Repository/positive/pencarian/input valid/input_Sign out_autoComplete"), namaProduk): Text 'HP ENVY - 17T TOUCH LAPTOP' is set on object 'Object Repository/positive/pencarian/input valid/input_Sign out_autoComplete'

12-02-2024T14:12:18 - [MESSAGE][PASSED] - Text 'HP ENVY - 17T TOUCH LAPTOP' is set on object 'Object Repository/positive/pencarian/input valid/input_Sign out_autoComplete'

12-02-2024T14:12:18 - [TEST_STEP][PASSED] - delay(5): Delayed 5 second(s)

12-02-2024T14:12:23 - [MESSAGE][PASSED] - Delayed 5 second(s)

12-02-2024T14:12:23 - [TEST_STEP][PASSED] - sendKeys(findTestObject("Object Repository/positive/pencarian/input valid/input_Sign out_autoComplete"), Keys.chord(ENTER)): Keys 'ENTER + ' sent to object: 'Object Repository/positive/pencarian/input valid/input_Sign out_autoComplete'

12-02-2024T14:12:54 - [MESSAGE][PASSED] - Keys 'ENTER + ' sent to object: 'Object Repository/positive/pencarian/input valid/input_Sign out_autoComplete'

12-02-2024T14:12:54 - [TEST_STEP][PASSED] - waitForElementVisible(findTestObject("Object Repository/data driven/card_result"), 5): Object 'Object Repository/data driven/card_result' is visible

12-02-2024T14:13:18 - [MESSAGE][PASSED] - Object 'Object Repository/data driven/card_result' is visible

12-02-2024T14:13:18 - [TEST_STEP][PASSED] - click(findTestObject("Object Repository/data driven/card_result")): Object: 'Object Repository/data driven/card_result' is clicked on

12-02-2024T14:13:19 - [MESSAGE][PASSED] - Object: 'Object Repository/data driven/card_result' is clicked on

12-02-2024T14:13:19 - [TEST_STEP][PASSED] - closeBrowser(): Browser is closed

12-02-2024T14:13:19 - [MESSAGE][PASSED] - Browser is closed

12-02-2024T14:13:22 - [TEST_STEP][PASSED] - Video: Video recording for test case 'Test Cases/positive/pencarian/data produk' .

12-02-2024T14:13:22 - [MESSAGE][INFO] - Video recording for test case 'Test Cases/positive/pencarian/data produk' .]]></system-out>
         <system-err><![CDATA[]]></system-err>
      </testcase>
      <testcase name="Test Cases/positive/pencarian/data produk" time="103.735" classname="Test Cases/positive/pencarian/data produk" status="PASSED">
         <system-out><![CDATA[12-02-2024T14:13:22 - [TEST_CASE][PASSED] - Test Cases/positive/pencarian/data produk: Test Cases/positive/pencarian/data produk

12-02-2024T14:13:22 - [TEST_STEP][PASSED] - openBrowser(""): Browser is opened with url: ''

12-02-2024T14:13:22 - [MESSAGE][INFO] - Starting 'Chrome' driver

12-02-2024T14:13:22 - [MESSAGE][INFO] - Action delay is set to 0 milliseconds

12-02-2024T14:13:23 - [MESSAGE][PASSED] - Browser is opened with url: ''

12-02-2024T14:13:23 - [TEST_STEP][PASSED] - maximizeWindow(): Current window maximized

12-02-2024T14:13:23 - [MESSAGE][PASSED] - Current window maximized

12-02-2024T14:13:23 - [TEST_STEP][PASSED] - navigateToUrl("https://advantageonlineshopping.com/#/"): Navigate to 'https://advantageonlineshopping.com/#/' successfully

12-02-2024T14:13:28 - [MESSAGE][PASSED] - Navigate to 'https://advantageonlineshopping.com/#/' successfully

12-02-2024T14:13:28 - [TEST_STEP][PASSED] - click(findTestObject("Object Repository/positive/pencarian/input valid/svg_Sign out_menuSearch")): Object: 'Object Repository/positive/pencarian/input valid/svg_Sign out_menuSearch' is clicked on

12-02-2024T14:13:33 - [MESSAGE][PASSED] - Object: 'Object Repository/positive/pencarian/input valid/svg_Sign out_menuSearch' is clicked on

12-02-2024T14:13:33 - [TEST_STEP][PASSED] - setText(findTestObject("Object Repository/positive/pencarian/input valid/input_Sign out_autoComplete"), namaProduk): Text 'BOSE SOUNDLINK BLUETOOTH SPEAKER III' is set on object 'Object Repository/positive/pencarian/input valid/input_Sign out_autoComplete'

12-02-2024T14:13:35 - [MESSAGE][PASSED] - Text 'BOSE SOUNDLINK BLUETOOTH SPEAKER III' is set on object 'Object Repository/positive/pencarian/input valid/input_Sign out_autoComplete'

12-02-2024T14:13:35 - [TEST_STEP][PASSED] - delay(5): Delayed 5 second(s)

12-02-2024T14:13:40 - [MESSAGE][PASSED] - Delayed 5 second(s)

12-02-2024T14:13:40 - [TEST_STEP][PASSED] - sendKeys(findTestObject("Object Repository/positive/pencarian/input valid/input_Sign out_autoComplete"), Keys.chord(ENTER)): Keys 'ENTER + ' sent to object: 'Object Repository/positive/pencarian/input valid/input_Sign out_autoComplete'

12-02-2024T14:14:10 - [MESSAGE][PASSED] - Keys 'ENTER + ' sent to object: 'Object Repository/positive/pencarian/input valid/input_Sign out_autoComplete'

12-02-2024T14:14:10 - [TEST_STEP][PASSED] - waitForElementVisible(findTestObject("Object Repository/data driven/card_result"), 5): Object 'Object Repository/data driven/card_result' is visible

12-02-2024T14:14:41 - [MESSAGE][PASSED] - Object 'Object Repository/data driven/card_result' is visible

12-02-2024T14:14:41 - [TEST_STEP][PASSED] - click(findTestObject("Object Repository/data driven/card_result")): Object: 'Object Repository/data driven/card_result' is clicked on

12-02-2024T14:15:03 - [MESSAGE][PASSED] - Object: 'Object Repository/data driven/card_result' is clicked on

12-02-2024T14:15:03 - [TEST_STEP][PASSED] - closeBrowser(): Browser is closed

12-02-2024T14:15:03 - [MESSAGE][PASSED] - Browser is closed

12-02-2024T14:15:06 - [TEST_STEP][PASSED] - Video: Video recording for test case 'Test Cases/positive/pencarian/data produk' .

12-02-2024T14:15:06 - [MESSAGE][INFO] - Video recording for test case 'Test Cases/positive/pencarian/data produk' .]]></system-out>
         <system-err><![CDATA[]]></system-err>
      </testcase>
      <testcase name="Test Cases/positive/pencarian/data produk" time="84.836" classname="Test Cases/positive/pencarian/data produk" status="PASSED">
         <system-out><![CDATA[12-02-2024T14:15:06 - [TEST_CASE][PASSED] - Test Cases/positive/pencarian/data produk: Test Cases/positive/pencarian/data produk

12-02-2024T14:15:06 - [TEST_STEP][PASSED] - openBrowser(""): Browser is opened with url: ''

12-02-2024T14:15:06 - [MESSAGE][INFO] - Starting 'Chrome' driver

12-02-2024T14:15:06 - [MESSAGE][INFO] - Action delay is set to 0 milliseconds

12-02-2024T14:15:07 - [MESSAGE][PASSED] - Browser is opened with url: ''

12-02-2024T14:15:07 - [TEST_STEP][PASSED] - maximizeWindow(): Current window maximized

12-02-2024T14:15:07 - [MESSAGE][PASSED] - Current window maximized

12-02-2024T14:15:07 - [TEST_STEP][PASSED] - navigateToUrl("https://advantageonlineshopping.com/#/"): Navigate to 'https://advantageonlineshopping.com/#/' successfully

12-02-2024T14:15:12 - [MESSAGE][PASSED] - Navigate to 'https://advantageonlineshopping.com/#/' successfully

12-02-2024T14:15:12 - [TEST_STEP][PASSED] - click(findTestObject("Object Repository/positive/pencarian/input valid/svg_Sign out_menuSearch")): Object: 'Object Repository/positive/pencarian/input valid/svg_Sign out_menuSearch' is clicked on

12-02-2024T14:15:16 - [MESSAGE][PASSED] - Object: 'Object Repository/positive/pencarian/input valid/svg_Sign out_menuSearch' is clicked on

12-02-2024T14:15:16 - [TEST_STEP][PASSED] - setText(findTestObject("Object Repository/positive/pencarian/input valid/input_Sign out_autoComplete"), namaProduk): Text 'HP USB 3 BUTTON OPTICAL MOUSE' is set on object 'Object Repository/positive/pencarian/input valid/input_Sign out_autoComplete'

12-02-2024T14:15:18 - [MESSAGE][PASSED] - Text 'HP USB 3 BUTTON OPTICAL MOUSE' is set on object 'Object Repository/positive/pencarian/input valid/input_Sign out_autoComplete'

12-02-2024T14:15:18 - [TEST_STEP][PASSED] - delay(5): Delayed 5 second(s)

12-02-2024T14:15:23 - [MESSAGE][PASSED] - Delayed 5 second(s)

12-02-2024T14:15:23 - [TEST_STEP][PASSED] - sendKeys(findTestObject("Object Repository/positive/pencarian/input valid/input_Sign out_autoComplete"), Keys.chord(ENTER)): Keys 'ENTER + ' sent to object: 'Object Repository/positive/pencarian/input valid/input_Sign out_autoComplete'

12-02-2024T14:15:53 - [MESSAGE][PASSED] - Keys 'ENTER + ' sent to object: 'Object Repository/positive/pencarian/input valid/input_Sign out_autoComplete'

12-02-2024T14:15:53 - [TEST_STEP][PASSED] - waitForElementVisible(findTestObject("Object Repository/data driven/card_result"), 5): Object 'Object Repository/data driven/card_result' is visible

12-02-2024T14:16:24 - [MESSAGE][PASSED] - Object 'Object Repository/data driven/card_result' is visible

12-02-2024T14:16:24 - [TEST_STEP][PASSED] - click(findTestObject("Object Repository/data driven/card_result")): Object: 'Object Repository/data driven/card_result' is clicked on

12-02-2024T14:16:28 - [MESSAGE][PASSED] - Object: 'Object Repository/data driven/card_result' is clicked on

12-02-2024T14:16:28 - [TEST_STEP][PASSED] - closeBrowser(): Browser is closed

12-02-2024T14:16:28 - [MESSAGE][PASSED] - Browser is closed

12-02-2024T14:16:30 - [TEST_STEP][PASSED] - Video: Video recording for test case 'Test Cases/positive/pencarian/data produk' .

12-02-2024T14:16:30 - [MESSAGE][INFO] - Video recording for test case 'Test Cases/positive/pencarian/data produk' .]]></system-out>
         <system-err><![CDATA[]]></system-err>
      </testcase>
      <testcase name="Test Cases/positive/pencarian/data produk" time="82.92" classname="Test Cases/positive/pencarian/data produk" status="PASSED">
         <system-out><![CDATA[12-02-2024T14:16:31 - [TEST_CASE][PASSED] - Test Cases/positive/pencarian/data produk: Test Cases/positive/pencarian/data produk

12-02-2024T14:16:31 - [TEST_STEP][PASSED] - openBrowser(""): Browser is opened with url: ''

12-02-2024T14:16:31 - [MESSAGE][INFO] - Starting 'Chrome' driver

12-02-2024T14:16:31 - [MESSAGE][INFO] - Action delay is set to 0 milliseconds

12-02-2024T14:16:32 - [MESSAGE][PASSED] - Browser is opened with url: ''

12-02-2024T14:16:32 - [TEST_STEP][PASSED] - maximizeWindow(): Current window maximized

12-02-2024T14:16:32 - [MESSAGE][PASSED] - Current window maximized

12-02-2024T14:16:32 - [TEST_STEP][PASSED] - navigateToUrl("https://advantageonlineshopping.com/#/"): Navigate to 'https://advantageonlineshopping.com/#/' successfully

12-02-2024T14:16:36 - [MESSAGE][PASSED] - Navigate to 'https://advantageonlineshopping.com/#/' successfully

12-02-2024T14:16:36 - [TEST_STEP][PASSED] - click(findTestObject("Object Repository/positive/pencarian/input valid/svg_Sign out_menuSearch")): Object: 'Object Repository/positive/pencarian/input valid/svg_Sign out_menuSearch' is clicked on

12-02-2024T14:16:43 - [MESSAGE][PASSED] - Object: 'Object Repository/positive/pencarian/input valid/svg_Sign out_menuSearch' is clicked on

12-02-2024T14:16:43 - [TEST_STEP][PASSED] - setText(findTestObject("Object Repository/positive/pencarian/input valid/input_Sign out_autoComplete"), namaProduk): Text 'HP ELITEPAD 1000 G2 TABLET' is set on object 'Object Repository/positive/pencarian/input valid/input_Sign out_autoComplete'

12-02-2024T14:16:45 - [MESSAGE][PASSED] - Text 'HP ELITEPAD 1000 G2 TABLET' is set on object 'Object Repository/positive/pencarian/input valid/input_Sign out_autoComplete'

12-02-2024T14:16:45 - [TEST_STEP][PASSED] - delay(5): Delayed 5 second(s)

12-02-2024T14:16:50 - [MESSAGE][PASSED] - Delayed 5 second(s)

12-02-2024T14:16:50 - [TEST_STEP][PASSED] - sendKeys(findTestObject("Object Repository/positive/pencarian/input valid/input_Sign out_autoComplete"), Keys.chord(ENTER)): Keys 'ENTER + ' sent to object: 'Object Repository/positive/pencarian/input valid/input_Sign out_autoComplete'

12-02-2024T14:17:20 - [MESSAGE][PASSED] - Keys 'ENTER + ' sent to object: 'Object Repository/positive/pencarian/input valid/input_Sign out_autoComplete'

12-02-2024T14:17:20 - [TEST_STEP][PASSED] - waitForElementVisible(findTestObject("Object Repository/data driven/card_result"), 5): Object 'Object Repository/data driven/card_result' is visible

12-02-2024T14:17:50 - [MESSAGE][PASSED] - Object 'Object Repository/data driven/card_result' is visible

12-02-2024T14:17:50 - [TEST_STEP][PASSED] - click(findTestObject("Object Repository/data driven/card_result")): Object: 'Object Repository/data driven/card_result' is clicked on

12-02-2024T14:17:51 - [MESSAGE][PASSED] - Object: 'Object Repository/data driven/card_result' is clicked on

12-02-2024T14:17:51 - [TEST_STEP][PASSED] - closeBrowser(): Browser is closed

12-02-2024T14:17:51 - [MESSAGE][PASSED] - Browser is closed

12-02-2024T14:17:53 - [TEST_STEP][PASSED] - Video: Video recording for test case 'Test Cases/positive/pencarian/data produk' .

12-02-2024T14:17:53 - [MESSAGE][INFO] - Video recording for test case 'Test Cases/positive/pencarian/data produk' .]]></system-out>
         <system-err><![CDATA[]]></system-err>
      </testcase>
      <system-out><![CDATA[12-02-2024T14:12:03 - [TEST_SUITE][PASSED] - pencarian_positive: Test Cases/positive/pencarian/data produk]]></system-out>
      <system-err><![CDATA[]]></system-err>
   </testsuite>
   <testsuite name="akun" tests="2" failures="0" errors="0" time="89.087" skipped="0" timestamp="12-02-2024T14:18:04" hostname="ASUS - LAPTOP-86QR281O" id="Test Suites/account/akun">
      <properties>
         <property name="deviceName" value=""/>
         <property name="devicePlatform" value=""/>
         <property name="logFolder" value="C:\\Users\\ASUS\\Documents\\Bismillah BFLP IT\\BOOTCAMP IT\\Katalon\\FPBootcamp\\Reports\\20240212_141056\\account\\akun\\20240212_141101"/>
         <property name="logFiles" value="C:\\Users\\ASUS\\Documents\\Bismillah BFLP IT\\BOOTCAMP IT\\Katalon\\FPBootcamp\\Reports\\20240212_141056\\account\\akun\\20240212_141101\\execution0.log"/>
         <property name="attachments" value=""/>
         <property name="hostName" value="ASUS - LAPTOP-86QR281O"/>
         <property name="os" value="Windows 11 64bit"/>
         <property name="katalonVersion" value="9.3.0.212"/>
         <property name="browser" value="Chrome 121.0.0.0"/>
         <property name="hostAddress" value="172.16.213.211"/>
         <property name="sessionId" value="f4a9b22636d3588652722c4a662f2921"/>
         <property name="seleniumVersion" value="3.141.59"/>
         <property name="proxyInformation" value="ProxyInformation { proxyOption=NO_PROXY, proxyServerType=HTTP, username=, password=********, proxyServerAddress=, proxyServerPort=0, executionList=&quot;&quot;, isApplyToDesiredCapabilities=true }"/>
         <property name="platform" value="Windows 11"/>
      </properties>
      <testcase name="Test Cases/positive/akun/login" time="46.271" classname="Test Cases/positive/akun/login" status="PASSED">
         <system-out><![CDATA[12-02-2024T14:18:04 - [TEST_CASE][PASSED] - Test Cases/positive/akun/login: Test Cases/positive/akun/login

12-02-2024T14:18:05 - [TEST_STEP][PASSED] - openBrowser(""): Browser is opened with url: ''

12-02-2024T14:18:06 - [MESSAGE][INFO] - Starting 'Chrome' driver

12-02-2024T14:18:06 - [MESSAGE][INFO] - Action delay is set to 0 milliseconds

12-02-2024T14:18:08 - [MESSAGE][PASSED] - Browser is opened with url: ''

12-02-2024T14:18:08 - [TEST_STEP][PASSED] - navigateToUrl(url): Navigate to 'https://advantageonlineshopping.com/' successfully

12-02-2024T14:18:13 - [MESSAGE][PASSED] - Navigate to 'https://advantageonlineshopping.com/' successfully

12-02-2024T14:18:13 - [TEST_STEP][PASSED] - click(findTestObject("Object Repository/login/Page_Advantage Shopping/path_CHECKOUT  (0.00)_menuUserSVGPath")): Object: 'Object Repository/login/Page_Advantage Shopping/path_CHECKOUT  (0.00)_menuUserSVGPath' is clicked on

12-02-2024T14:18:44 - [MESSAGE][INFO] - Unable to find the element located by 'By.xpath: //path[@id = 'menuUserSVGPath']'. Please recheck the objects properties to make sure the desired element is located. 

12-02-2024T14:18:44 - [MESSAGE][WARNING] - [SELF-HEALING] Failed to find element with id 'Object Repository/login/Page_Advantage Shopping/path_CHECKOUT  (0.00)_menuUserSVGPath'. Try using Self-healing.

12-02-2024T14:18:45 - [MESSAGE][WARNING] - [SELF-HEALING] The current locator of test object 'Object Repository/login/Page_Advantage Shopping/path_CHECKOUT  (0.00)_menuUserSVGPath' was broken. Propose an alternative one: '//*[@id = 'menuUserSVGPath']'.

12-02-2024T14:18:45 - [MESSAGE][PASSED] - Object: 'Object Repository/login/Page_Advantage Shopping/path_CHECKOUT  (0.00)_menuUserSVGPath' is clicked on

12-02-2024T14:18:45 - [TEST_STEP][PASSED] - setText(findTestObject("Object Repository/login/Page_Advantage Shopping/input_OR_username"), "claelynt"): Text 'claelynt' is set on object 'Object Repository/login/Page_Advantage Shopping/input_OR_username'

12-02-2024T14:18:46 - [MESSAGE][PASSED] - Text 'claelynt' is set on object 'Object Repository/login/Page_Advantage Shopping/input_OR_username'

12-02-2024T14:18:46 - [TEST_STEP][PASSED] - setEncryptedText(findTestObject("Object Repository/login/Page_Advantage Shopping/input_Username_password"), "eORqx8DpZuw="): Text ****** has been set on object 'Object Repository/login/Page_Advantage Shopping/input_Username_password'

12-02-2024T14:18:47 - [MESSAGE][PASSED] - Text ****** has been set on object 'Object Repository/login/Page_Advantage Shopping/input_Username_password'

12-02-2024T14:18:47 - [TEST_STEP][PASSED] - click(findTestObject("Object Repository/login/Page_Advantage Shopping/button_SIGN IN")): Object: 'Object Repository/login/Page_Advantage Shopping/button_SIGN IN' is clicked on

12-02-2024T14:18:48 - [MESSAGE][PASSED] - Object: 'Object Repository/login/Page_Advantage Shopping/button_SIGN IN' is clicked on

12-02-2024T14:18:48 - [TEST_STEP][PASSED] - closeBrowser(): Browser is closed

12-02-2024T14:18:49 - [MESSAGE][PASSED] - Browser is closed

12-02-2024T14:18:51 - [TEST_STEP][PASSED] - Video: Video recording for test case 'Test Cases/positive/akun/login' .

12-02-2024T14:18:51 - [MESSAGE][INFO] - Video recording for test case 'Test Cases/positive/akun/login' .]]></system-out>
         <system-err><![CDATA[]]></system-err>
      </testcase>
      <testcase name="Test Cases/positive/akun/register" time="42.057" classname="Test Cases/positive/akun/register" status="PASSED">
         <system-out><![CDATA[12-02-2024T14:18:51 - [TEST_CASE][PASSED] - Test Cases/positive/akun/register: Test Cases/positive/akun/register

12-02-2024T14:18:51 - [TEST_STEP][PASSED] - openBrowser(""): Browser is opened with url: ''

12-02-2024T14:18:51 - [MESSAGE][INFO] - Starting 'Chrome' driver

12-02-2024T14:18:51 - [MESSAGE][INFO] - Action delay is set to 0 milliseconds

12-02-2024T14:18:52 - [MESSAGE][PASSED] - Browser is opened with url: ''

12-02-2024T14:18:52 - [TEST_STEP][PASSED] - navigateToUrl("https://advantageonlineshopping.com/#/"): Navigate to 'https://advantageonlineshopping.com/#/' successfully

12-02-2024T14:18:56 - [MESSAGE][PASSED] - Navigate to 'https://advantageonlineshopping.com/#/' successfully

12-02-2024T14:18:56 - [TEST_STEP][PASSED] - click(findTestObject("Object Repository/login/register/Page_Advantage Shopping/svg_CHECKOUT  (0.00)_menuUser")): Object: 'Object Repository/login/register/Page_Advantage Shopping/svg_CHECKOUT  (0.00)_menuUser' is clicked on

12-02-2024T14:19:01 - [MESSAGE][PASSED] - Object: 'Object Repository/login/register/Page_Advantage Shopping/svg_CHECKOUT  (0.00)_menuUser' is clicked on

12-02-2024T14:19:01 - [TEST_STEP][PASSED] - click(findTestObject("Object Repository/login/register/Page_Advantage Shopping/a_CREATE NEW ACCOUNT")): Object: 'Object Repository/login/register/Page_Advantage Shopping/a_CREATE NEW ACCOUNT' is clicked on

12-02-2024T14:19:02 - [MESSAGE][PASSED] - Object: 'Object Repository/login/register/Page_Advantage Shopping/a_CREATE NEW ACCOUNT' is clicked on

12-02-2024T14:19:02 - [TEST_STEP][PASSED] - setText(findTestObject("Object Repository/login/register/Page_Advantage Shopping/input__usernameRegisterPage"), "clae123"): Text 'clae123' is set on object 'Object Repository/login/register/Page_Advantage Shopping/input__usernameRegisterPage'

12-02-2024T14:19:07 - [MESSAGE][PASSED] - Text 'clae123' is set on object 'Object Repository/login/register/Page_Advantage Shopping/input__usernameRegisterPage'

12-02-2024T14:19:07 - [TEST_STEP][PASSED] - click(findTestObject("Object Repository/login/register/Page_Advantage Shopping/label_Email")): Object: 'Object Repository/login/register/Page_Advantage Shopping/label_Email' is clicked on

12-02-2024T14:19:07 - [MESSAGE][PASSED] - Object: 'Object Repository/login/register/Page_Advantage Shopping/label_Email' is clicked on

12-02-2024T14:19:07 - [TEST_STEP][PASSED] - setText(findTestObject("Object Repository/login/register/Page_Advantage Shopping/input__emailRegisterPage"), "clae123@gmail.com"): Text 'clae123@gmail.com' is set on object 'Object Repository/login/register/Page_Advantage Shopping/input__emailRegisterPage'

12-02-2024T14:19:09 - [MESSAGE][PASSED] - Text 'clae123@gmail.com' is set on object 'Object Repository/login/register/Page_Advantage Shopping/input__emailRegisterPage'

12-02-2024T14:19:09 - [TEST_STEP][PASSED] - setEncryptedText(findTestObject("Object Repository/login/register/Page_Advantage Shopping/input__passwordRegisterPage"), "eORqx8DpZuw="): Text ****** has been set on object 'Object Repository/login/register/Page_Advantage Shopping/input__passwordRegisterPage'

12-02-2024T14:19:09 - [MESSAGE][PASSED] - Text ****** has been set on object 'Object Repository/login/register/Page_Advantage Shopping/input__passwordRegisterPage'

12-02-2024T14:19:09 - [TEST_STEP][PASSED] - click(findTestObject("Object Repository/login/register/Page_Advantage Shopping/label_Confirm password")): Object: 'Object Repository/login/register/Page_Advantage Shopping/label_Confirm password' is clicked on

12-02-2024T14:19:10 - [MESSAGE][PASSED] - Object: 'Object Repository/login/register/Page_Advantage Shopping/label_Confirm password' is clicked on

12-02-2024T14:19:10 - [TEST_STEP][PASSED] - setEncryptedText(findTestObject("Object Repository/login/register/Page_Advantage Shopping/input__confirm_passwordRegisterPage"), "eORqx8DpZuw="): Text ****** has been set on object 'Object Repository/login/register/Page_Advantage Shopping/input__confirm_passwordRegisterPage'

12-02-2024T14:19:11 - [MESSAGE][PASSED] - Text ****** has been set on object 'Object Repository/login/register/Page_Advantage Shopping/input__confirm_passwordRegisterPage'

12-02-2024T14:19:11 - [TEST_STEP][PASSED] - setText(findTestObject("Object Repository/login/register/Page_Advantage Shopping/input_PERSONAL DETAILS_first_nameRegisterPage"), "Clae"): Text 'Clae' is set on object 'Object Repository/login/register/Page_Advantage Shopping/input_PERSONAL DETAILS_first_nameRegisterPage'

12-02-2024T14:19:13 - [MESSAGE][PASSED] - Text 'Clae' is set on object 'Object Repository/login/register/Page_Advantage Shopping/input_PERSONAL DETAILS_first_nameRegisterPage'

12-02-2024T14:19:13 - [TEST_STEP][PASSED] - setText(findTestObject("Object Repository/login/register/Page_Advantage Shopping/input_- Use maximum 30 character_last_nameR_6ef033"), "123"): Text '123' is set on object 'Object Repository/login/register/Page_Advantage Shopping/input_- Use maximum 30 character_last_nameR_6ef033'

12-02-2024T14:19:14 - [MESSAGE][PASSED] - Text '123' is set on object 'Object Repository/login/register/Page_Advantage Shopping/input_- Use maximum 30 character_last_nameR_6ef033'

12-02-2024T14:19:14 - [TEST_STEP][PASSED] - setText(findTestObject("Object Repository/login/register/Page_Advantage Shopping/input_- Use maximum 30 character_phone_numb_7c938a"), "123"): Text '123' is set on object 'Object Repository/login/register/Page_Advantage Shopping/input_- Use maximum 30 character_phone_numb_7c938a'

12-02-2024T14:19:15 - [MESSAGE][PASSED] - Text '123' is set on object 'Object Repository/login/register/Page_Advantage Shopping/input_- Use maximum 30 character_phone_numb_7c938a'

12-02-2024T14:19:15 - [TEST_STEP][PASSED] - selectOptionByValue(findTestObject("Object Repository/login/register/Page_Advantage Shopping/select_AfganistanAlbaniaAlgeriaAmerican Sam_3cef8a"), "object:177", true): All options with value 'object:177' are selected in object 'Object Repository/login/register/Page_Advantage Shopping/select_AfganistanAlbaniaAlgeriaAmerican Sam_3cef8a'  using regular expression

12-02-2024T14:19:22 - [MESSAGE][PASSED] - All options with value 'object:177' are selected in object 'Object Repository/login/register/Page_Advantage Shopping/select_AfganistanAlbaniaAlgeriaAmerican Sam_3cef8a'  using regular expression

12-02-2024T14:19:22 - [TEST_STEP][PASSED] - click(findTestObject("Object Repository/login/register/Page_Advantage Shopping/label_City")): Object: 'Object Repository/login/register/Page_Advantage Shopping/label_City' is clicked on

12-02-2024T14:19:23 - [MESSAGE][PASSED] - Object: 'Object Repository/login/register/Page_Advantage Shopping/label_City' is clicked on

12-02-2024T14:19:23 - [TEST_STEP][PASSED] - setText(findTestObject("Object Repository/login/register/Page_Advantage Shopping/input_Country_cityRegisterPage"), "sby"): Text 'sby' is set on object 'Object Repository/login/register/Page_Advantage Shopping/input_Country_cityRegisterPage'

12-02-2024T14:19:24 - [MESSAGE][PASSED] - Text 'sby' is set on object 'Object Repository/login/register/Page_Advantage Shopping/input_Country_cityRegisterPage'

12-02-2024T14:19:24 - [TEST_STEP][PASSED] - setText(findTestObject("Object Repository/login/register/Page_Advantage Shopping/input_- Use maximum 25 character_addressReg_9e23b3"), "sby"): Text 'sby' is set on object 'Object Repository/login/register/Page_Advantage Shopping/input_- Use maximum 25 character_addressReg_9e23b3'

12-02-2024T14:19:25 - [MESSAGE][PASSED] - Text 'sby' is set on object 'Object Repository/login/register/Page_Advantage Shopping/input_- Use maximum 25 character_addressReg_9e23b3'

12-02-2024T14:19:25 - [TEST_STEP][PASSED] - click(findTestObject("Object Repository/login/register/Page_Advantage Shopping/label_State  Province  Region")): Object: 'Object Repository/login/register/Page_Advantage Shopping/label_State  Province  Region' is clicked on

12-02-2024T14:19:26 - [MESSAGE][PASSED] - Object: 'Object Repository/login/register/Page_Advantage Shopping/label_State  Province  Region' is clicked on

12-02-2024T14:19:26 - [TEST_STEP][PASSED] - setText(findTestObject("Object Repository/login/register/Page_Advantage Shopping/input_- Use maximum 50 character_state__pro_272a54"), "sby"): Text 'sby' is set on object 'Object Repository/login/register/Page_Advantage Shopping/input_- Use maximum 50 character_state__pro_272a54'

12-02-2024T14:19:27 - [MESSAGE][PASSED] - Text 'sby' is set on object 'Object Repository/login/register/Page_Advantage Shopping/input_- Use maximum 50 character_state__pro_272a54'

12-02-2024T14:19:27 - [TEST_STEP][PASSED] - setText(findTestObject("Object Repository/login/register/Page_Advantage Shopping/input_- Use maximum 10 character_postal_cod_639c2f"), "123"): Text '123' is set on object 'Object Repository/login/register/Page_Advantage Shopping/input_- Use maximum 10 character_postal_cod_639c2f'

12-02-2024T14:19:29 - [MESSAGE][PASSED] - Text '123' is set on object 'Object Repository/login/register/Page_Advantage Shopping/input_- Use maximum 10 character_postal_cod_639c2f'

12-02-2024T14:19:29 - [TEST_STEP][PASSED] - click(findTestObject("Object Repository/login/register/Page_Advantage Shopping/input_Receive exclusive offers and promotio_5c7450")): Object: 'Object Repository/login/register/Page_Advantage Shopping/input_Receive exclusive offers and promotio_5c7450' is clicked on

12-02-2024T14:19:29 - [MESSAGE][PASSED] - Object: 'Object Repository/login/register/Page_Advantage Shopping/input_Receive exclusive offers and promotio_5c7450' is clicked on

12-02-2024T14:19:29 - [TEST_STEP][PASSED] - click(findTestObject("Object Repository/login/register/Page_Advantage Shopping/button_REGISTER")): Object: 'Object Repository/login/register/Page_Advantage Shopping/button_REGISTER' is clicked on

12-02-2024T14:19:30 - [MESSAGE][PASSED] - Object: 'Object Repository/login/register/Page_Advantage Shopping/button_REGISTER' is clicked on

12-02-2024T14:19:30 - [TEST_STEP][PASSED] - closeBrowser(): Browser is closed

12-02-2024T14:19:31 - [MESSAGE][PASSED] - Browser is closed

12-02-2024T14:19:33 - [TEST_STEP][PASSED] - Video: Video recording for test case 'Test Cases/positive/akun/register' .

12-02-2024T14:19:33 - [MESSAGE][INFO] - Video recording for test case 'Test Cases/positive/akun/register' .]]></system-out>
         <system-err><![CDATA[]]></system-err>
      </testcase>
      <system-out><![CDATA[12-02-2024T14:18:04 - [TEST_SUITE][PASSED] - akun: Test Cases/positive/akun/register]]></system-out>
      <system-err><![CDATA[]]></system-err>
   </testsuite>
</testsuites>
