<?xml version="1.0" encoding="UTF-8"?>
<testsuites name="pencarian_positive" time="443.52" tests="7" failures="0" errors="0">
   <testsuite name="pencarian_positive" tests="7" failures="0" errors="0" time="443.52" skipped="0" timestamp="12-02-2024T14:26:27" hostname="ASUS - LAPTOP-86QR281O" id="Test Suites/discovery_positive/pencarian_positive">
      <properties>
         <property name="deviceName" value=""/>
         <property name="devicePlatform" value=""/>
         <property name="logFolder" value="C:\\Users\\ASUS\\Documents\\Bismillah BFLP IT\\BOOTCAMP IT\\Katalon\\FPBootcamp\\Reports\\20240212_142619\\discovery_positive\\pencarian_positive\\20240212_142619"/>
         <property name="logFiles" value="C:\\Users\\ASUS\\Documents\\Bismillah BFLP IT\\BOOTCAMP IT\\Katalon\\FPBootcamp\\Reports\\20240212_142619\\discovery_positive\\pencarian_positive\\20240212_142619\\execution0.log"/>
         <property name="attachments" value=""/>
         <property name="hostName" value="ASUS - LAPTOP-86QR281O"/>
         <property name="os" value="Windows 11 64bit"/>
         <property name="katalonVersion" value="9.3.0.212"/>
         <property name="browser" value="Chrome 121.0.0.0"/>
         <property name="hostAddress" value="172.16.213.211"/>
         <property name="sessionId" value="90bc007553d505c79c4ee3f7f5af1040"/>
         <property name="seleniumVersion" value="3.141.59"/>
         <property name="proxyInformation" value="ProxyInformation { proxyOption=NO_PROXY, proxyServerType=HTTP, username=, password=********, proxyServerAddress=, proxyServerPort=0, executionList=&quot;&quot;, isApplyToDesiredCapabilities=true }"/>
         <property name="platform" value="Windows 11"/>
      </properties>
      <testcase name="Test Cases/positive/pencarian/pencarian_produk_tepat" time="55.887" classname="Test Cases/positive/pencarian/pencarian_produk_tepat" status="PASSED">
         <system-out><![CDATA[12-02-2024T14:26:27 - [TEST_CASE][PASSED] - Test Cases/positive/pencarian/pencarian_produk_tepat: Test Cases/positive/pencarian/pencarian_produk_tepat

12-02-2024T14:26:28 - [TEST_STEP][PASSED] - openBrowser(""): Browser is opened with url: ''

12-02-2024T14:26:29 - [MESSAGE][INFO] - Starting 'Chrome' driver

12-02-2024T14:26:29 - [MESSAGE][INFO] - Action delay is set to 0 milliseconds

12-02-2024T14:26:31 - [MESSAGE][PASSED] - Browser is opened with url: ''

12-02-2024T14:26:31 - [TEST_STEP][PASSED] - maximizeWindow(): Current window maximized

12-02-2024T14:26:31 - [MESSAGE][PASSED] - Current window maximized

12-02-2024T14:26:31 - [TEST_STEP][PASSED] - navigateToUrl(url): Navigate to 'https://advantageonlineshopping.com/' successfully

12-02-2024T14:26:36 - [MESSAGE][PASSED] - Navigate to 'https://advantageonlineshopping.com/' successfully

12-02-2024T14:26:36 - [TEST_STEP][PASSED] - click(findTestObject("Object Repository/positive/pencarian/input valid/svg_Sign out_menuSearch")): Object: 'Object Repository/positive/pencarian/input valid/svg_Sign out_menuSearch' is clicked on

12-02-2024T14:26:41 - [MESSAGE][PASSED] - Object: 'Object Repository/positive/pencarian/input valid/svg_Sign out_menuSearch' is clicked on

12-02-2024T14:26:41 - [TEST_STEP][PASSED] - setText(findTestObject("Object Repository/positive/pencarian/input valid/input_Sign out_autoComplete"), "hp pavilion 15z touch laptop"): Text 'hp pavilion 15z touch laptop' is set on object 'Object Repository/positive/pencarian/input valid/input_Sign out_autoComplete'

12-02-2024T14:26:42 - [MESSAGE][PASSED] - Text 'hp pavilion 15z touch laptop' is set on object 'Object Repository/positive/pencarian/input valid/input_Sign out_autoComplete'

12-02-2024T14:26:42 - [TEST_STEP][PASSED] - sendKeys(findTestObject("Object Repository/positive/pencarian/input valid/input_Sign out_autoComplete"), Keys.chord(ENTER)): Keys 'ENTER + ' sent to object: 'Object Repository/positive/pencarian/input valid/input_Sign out_autoComplete'

12-02-2024T14:27:13 - [MESSAGE][PASSED] - Keys 'ENTER + ' sent to object: 'Object Repository/positive/pencarian/input valid/input_Sign out_autoComplete'

12-02-2024T14:27:13 - [TEST_STEP][PASSED] - click(findTestObject("Object Repository/positive/pencarian/input valid/li_SOLD OUT                                _5c76cc")): Object: 'Object Repository/positive/pencarian/input valid/li_SOLD OUT                                _5c76cc' is clicked on

12-02-2024T14:27:19 - [MESSAGE][PASSED] - Object: 'Object Repository/positive/pencarian/input valid/li_SOLD OUT                                _5c76cc' is clicked on

12-02-2024T14:27:19 - [TEST_STEP][PASSED] - click(findTestObject("Object Repository/positive/pencarian/input valid/button_ADD TO CART")): Object: 'Object Repository/positive/pencarian/input valid/button_ADD TO CART' is clicked on

12-02-2024T14:27:21 - [MESSAGE][PASSED] - Object: 'Object Repository/positive/pencarian/input valid/button_ADD TO CART' is clicked on

12-02-2024T14:27:21 - [TEST_STEP][PASSED] - closeBrowser(): Browser is closed

12-02-2024T14:27:21 - [MESSAGE][PASSED] - Browser is closed

12-02-2024T14:27:23 - [TEST_STEP][PASSED] - Video: Video recording for test case 'Test Cases/positive/pencarian/pencarian_produk_tepat' .

12-02-2024T14:27:23 - [MESSAGE][INFO] - Video recording for test case 'Test Cases/positive/pencarian/pencarian_produk_tepat' .]]></system-out>
         <system-err><![CDATA[]]></system-err>
      </testcase>
      <testcase name="Test Cases/positive/pencarian/pencarian_produk_tidak tepat" time="39.2" classname="Test Cases/positive/pencarian/pencarian_produk_tidak tepat" status="PASSED">
         <system-out><![CDATA[12-02-2024T14:27:23 - [TEST_CASE][PASSED] - Test Cases/positive/pencarian/pencarian_produk_tidak tepat: Test Cases/positive/pencarian/pencarian_produk_tidak tepat

12-02-2024T14:27:23 - [TEST_STEP][PASSED] - openBrowser(""): Browser is opened with url: ''

12-02-2024T14:27:23 - [MESSAGE][INFO] - Starting 'Chrome' driver

12-02-2024T14:27:23 - [MESSAGE][INFO] - Action delay is set to 0 milliseconds

12-02-2024T14:27:25 - [MESSAGE][PASSED] - Browser is opened with url: ''

12-02-2024T14:27:25 - [TEST_STEP][PASSED] - maximizeWindow(): Current window maximized

12-02-2024T14:27:25 - [MESSAGE][PASSED] - Current window maximized

12-02-2024T14:27:25 - [TEST_STEP][PASSED] - navigateToUrl("https://advantageonlineshopping.com/#/"): Navigate to 'https://advantageonlineshopping.com/#/' successfully

12-02-2024T14:27:29 - [MESSAGE][PASSED] - Navigate to 'https://advantageonlineshopping.com/#/' successfully

12-02-2024T14:27:29 - [TEST_STEP][PASSED] - click(findTestObject("Object Repository/positive/pencarian/input kurang/svg_Sign out_menuSearch")): Object: 'Object Repository/positive/pencarian/input kurang/svg_Sign out_menuSearch' is clicked on

12-02-2024T14:27:34 - [MESSAGE][PASSED] - Object: 'Object Repository/positive/pencarian/input kurang/svg_Sign out_menuSearch' is clicked on

12-02-2024T14:27:34 - [TEST_STEP][PASSED] - setText(findTestObject("Object Repository/positive/pencarian/input kurang/input_Sign out_autoComplete"), "hp pavilion"): Text 'hp pavilion' is set on object 'Object Repository/positive/pencarian/input kurang/input_Sign out_autoComplete'

12-02-2024T14:27:35 - [MESSAGE][PASSED] - Text 'hp pavilion' is set on object 'Object Repository/positive/pencarian/input kurang/input_Sign out_autoComplete'

12-02-2024T14:27:35 - [TEST_STEP][PASSED] - sendKeys(findTestObject("Object Repository/positive/pencarian/input kurang/input_Sign out_autoComplete"), Keys.chord(ENTER)): Keys 'ENTER + ' sent to object: 'Object Repository/positive/pencarian/input kurang/input_Sign out_autoComplete'

12-02-2024T14:27:57 - [MESSAGE][PASSED] - Keys 'ENTER + ' sent to object: 'Object Repository/positive/pencarian/input kurang/input_Sign out_autoComplete'

12-02-2024T14:27:57 - [TEST_STEP][PASSED] - click(findTestObject("Object Repository/positive/pencarian/input kurang/img")): Object: 'Object Repository/positive/pencarian/input kurang/img' is clicked on

12-02-2024T14:27:58 - [MESSAGE][PASSED] - Object: 'Object Repository/positive/pencarian/input kurang/img' is clicked on

12-02-2024T14:27:58 - [TEST_STEP][PASSED] - click(findTestObject("Object Repository/positive/pencarian/input kurang/li_SOLD OUT                                _b72a2b")): Object: 'Object Repository/positive/pencarian/input kurang/li_SOLD OUT                                _b72a2b' is clicked on

12-02-2024T14:27:59 - [MESSAGE][PASSED] - Object: 'Object Repository/positive/pencarian/input kurang/li_SOLD OUT                                _b72a2b' is clicked on

12-02-2024T14:27:59 - [TEST_STEP][PASSED] - click(findTestObject("Object Repository/positive/pencarian/input kurang/button_ADD TO CART")): Object: 'Object Repository/positive/pencarian/input kurang/button_ADD TO CART' is clicked on

12-02-2024T14:28:00 - [MESSAGE][PASSED] - Object: 'Object Repository/positive/pencarian/input kurang/button_ADD TO CART' is clicked on

12-02-2024T14:28:00 - [TEST_STEP][PASSED] - closeBrowser(): Browser is closed

12-02-2024T14:28:00 - [MESSAGE][PASSED] - Browser is closed

12-02-2024T14:28:02 - [TEST_STEP][PASSED] - Video: Video recording for test case 'Test Cases/positive/pencarian/pencarian_produk_tidak tepat' .

12-02-2024T14:28:02 - [MESSAGE][INFO] - Video recording for test case 'Test Cases/positive/pencarian/pencarian_produk_tidak tepat' .]]></system-out>
         <system-err><![CDATA[]]></system-err>
      </testcase>
      <testcase name="Test Cases/positive/pencarian/data produk" time="73.479" classname="Test Cases/positive/pencarian/data produk" status="PASSED">
         <system-out><![CDATA[12-02-2024T14:28:02 - [TEST_CASE][PASSED] - Test Cases/positive/pencarian/data produk: Test Cases/positive/pencarian/data produk

12-02-2024T14:28:03 - [TEST_STEP][PASSED] - openBrowser(""): Browser is opened with url: ''

12-02-2024T14:28:03 - [MESSAGE][INFO] - Starting 'Chrome' driver

12-02-2024T14:28:03 - [MESSAGE][INFO] - Action delay is set to 0 milliseconds

12-02-2024T14:28:04 - [MESSAGE][PASSED] - Browser is opened with url: ''

12-02-2024T14:28:04 - [TEST_STEP][PASSED] - maximizeWindow(): Current window maximized

12-02-2024T14:28:04 - [MESSAGE][PASSED] - Current window maximized

12-02-2024T14:28:04 - [TEST_STEP][PASSED] - navigateToUrl("https://advantageonlineshopping.com/#/"): Navigate to 'https://advantageonlineshopping.com/#/' successfully

12-02-2024T14:28:09 - [MESSAGE][PASSED] - Navigate to 'https://advantageonlineshopping.com/#/' successfully

12-02-2024T14:28:09 - [TEST_STEP][PASSED] - click(findTestObject("Object Repository/positive/pencarian/input valid/svg_Sign out_menuSearch")): Object: 'Object Repository/positive/pencarian/input valid/svg_Sign out_menuSearch' is clicked on

12-02-2024T14:28:13 - [MESSAGE][PASSED] - Object: 'Object Repository/positive/pencarian/input valid/svg_Sign out_menuSearch' is clicked on

12-02-2024T14:28:13 - [TEST_STEP][PASSED] - setText(findTestObject("Object Repository/positive/pencarian/input valid/input_Sign out_autoComplete"), namaProduk): Text 'HP ENVY - 17T TOUCH LAPTOP' is set on object 'Object Repository/positive/pencarian/input valid/input_Sign out_autoComplete'

12-02-2024T14:28:15 - [MESSAGE][PASSED] - Text 'HP ENVY - 17T TOUCH LAPTOP' is set on object 'Object Repository/positive/pencarian/input valid/input_Sign out_autoComplete'

12-02-2024T14:28:15 - [TEST_STEP][PASSED] - delay(5): Delayed 5 second(s)

12-02-2024T14:28:20 - [MESSAGE][PASSED] - Delayed 5 second(s)

12-02-2024T14:28:20 - [TEST_STEP][PASSED] - sendKeys(findTestObject("Object Repository/positive/pencarian/input valid/input_Sign out_autoComplete"), Keys.chord(ENTER)): Keys 'ENTER + ' sent to object: 'Object Repository/positive/pencarian/input valid/input_Sign out_autoComplete'

12-02-2024T14:28:50 - [MESSAGE][PASSED] - Keys 'ENTER + ' sent to object: 'Object Repository/positive/pencarian/input valid/input_Sign out_autoComplete'

12-02-2024T14:28:50 - [TEST_STEP][PASSED] - waitForElementVisible(findTestObject("Object Repository/data driven/card_result"), 5): Object 'Object Repository/data driven/card_result' is visible

12-02-2024T14:29:13 - [MESSAGE][PASSED] - Object 'Object Repository/data driven/card_result' is visible

12-02-2024T14:29:13 - [TEST_STEP][PASSED] - click(findTestObject("Object Repository/data driven/card_result")): Object: 'Object Repository/data driven/card_result' is clicked on

12-02-2024T14:29:13 - [MESSAGE][PASSED] - Object: 'Object Repository/data driven/card_result' is clicked on

12-02-2024T14:29:13 - [TEST_STEP][PASSED] - closeBrowser(): Browser is closed

12-02-2024T14:29:14 - [MESSAGE][PASSED] - Browser is closed

12-02-2024T14:29:16 - [TEST_STEP][PASSED] - Video: Video recording for test case 'Test Cases/positive/pencarian/data produk' .

12-02-2024T14:29:16 - [MESSAGE][INFO] - Video recording for test case 'Test Cases/positive/pencarian/data produk' .]]></system-out>
         <system-err><![CDATA[]]></system-err>
      </testcase>
      <testcase name="Test Cases/positive/pencarian/data produk" time="104.441" classname="Test Cases/positive/pencarian/data produk" status="PASSED">
         <system-out><![CDATA[12-02-2024T14:29:16 - [TEST_CASE][PASSED] - Test Cases/positive/pencarian/data produk: Test Cases/positive/pencarian/data produk

12-02-2024T14:29:16 - [TEST_STEP][PASSED] - openBrowser(""): Browser is opened with url: ''

12-02-2024T14:29:16 - [MESSAGE][INFO] - Starting 'Chrome' driver

12-02-2024T14:29:16 - [MESSAGE][INFO] - Action delay is set to 0 milliseconds

12-02-2024T14:29:17 - [MESSAGE][PASSED] - Browser is opened with url: ''

12-02-2024T14:29:17 - [TEST_STEP][PASSED] - maximizeWindow(): Current window maximized

12-02-2024T14:29:18 - [MESSAGE][PASSED] - Current window maximized

12-02-2024T14:29:18 - [TEST_STEP][PASSED] - navigateToUrl("https://advantageonlineshopping.com/#/"): Navigate to 'https://advantageonlineshopping.com/#/' successfully

12-02-2024T14:29:22 - [MESSAGE][PASSED] - Navigate to 'https://advantageonlineshopping.com/#/' successfully

12-02-2024T14:29:22 - [TEST_STEP][PASSED] - click(findTestObject("Object Repository/positive/pencarian/input valid/svg_Sign out_menuSearch")): Object: 'Object Repository/positive/pencarian/input valid/svg_Sign out_menuSearch' is clicked on

12-02-2024T14:29:27 - [MESSAGE][PASSED] - Object: 'Object Repository/positive/pencarian/input valid/svg_Sign out_menuSearch' is clicked on

12-02-2024T14:29:27 - [TEST_STEP][PASSED] - setText(findTestObject("Object Repository/positive/pencarian/input valid/input_Sign out_autoComplete"), namaProduk): Text 'BOSE SOUNDLINK BLUETOOTH SPEAKER III' is set on object 'Object Repository/positive/pencarian/input valid/input_Sign out_autoComplete'

12-02-2024T14:29:28 - [MESSAGE][PASSED] - Text 'BOSE SOUNDLINK BLUETOOTH SPEAKER III' is set on object 'Object Repository/positive/pencarian/input valid/input_Sign out_autoComplete'

12-02-2024T14:29:28 - [TEST_STEP][PASSED] - delay(5): Delayed 5 second(s)

12-02-2024T14:29:33 - [MESSAGE][PASSED] - Delayed 5 second(s)

12-02-2024T14:29:33 - [TEST_STEP][PASSED] - sendKeys(findTestObject("Object Repository/positive/pencarian/input valid/input_Sign out_autoComplete"), Keys.chord(ENTER)): Keys 'ENTER + ' sent to object: 'Object Repository/positive/pencarian/input valid/input_Sign out_autoComplete'

12-02-2024T14:30:04 - [MESSAGE][PASSED] - Keys 'ENTER + ' sent to object: 'Object Repository/positive/pencarian/input valid/input_Sign out_autoComplete'

12-02-2024T14:30:04 - [TEST_STEP][PASSED] - waitForElementVisible(findTestObject("Object Repository/data driven/card_result"), 5): Object 'Object Repository/data driven/card_result' is visible

12-02-2024T14:30:34 - [MESSAGE][PASSED] - Object 'Object Repository/data driven/card_result' is visible

12-02-2024T14:30:34 - [TEST_STEP][PASSED] - click(findTestObject("Object Repository/data driven/card_result")): Object: 'Object Repository/data driven/card_result' is clicked on

12-02-2024T14:30:58 - [MESSAGE][PASSED] - Object: 'Object Repository/data driven/card_result' is clicked on

12-02-2024T14:30:58 - [TEST_STEP][PASSED] - closeBrowser(): Browser is closed

12-02-2024T14:30:58 - [MESSAGE][PASSED] - Browser is closed

12-02-2024T14:31:00 - [TEST_STEP][PASSED] - Video: Video recording for test case 'Test Cases/positive/pencarian/data produk' .

12-02-2024T14:31:00 - [MESSAGE][INFO] - Video recording for test case 'Test Cases/positive/pencarian/data produk' .]]></system-out>
         <system-err><![CDATA[]]></system-err>
      </testcase>
      <testcase name="Test Cases/positive/pencarian/data produk" time="82.491" classname="Test Cases/positive/pencarian/data produk" status="PASSED">
         <system-out><![CDATA[12-02-2024T14:31:00 - [TEST_CASE][PASSED] - Test Cases/positive/pencarian/data produk: Test Cases/positive/pencarian/data produk

12-02-2024T14:31:01 - [TEST_STEP][PASSED] - openBrowser(""): Browser is opened with url: ''

12-02-2024T14:31:01 - [MESSAGE][INFO] - Starting 'Chrome' driver

12-02-2024T14:31:01 - [MESSAGE][INFO] - Action delay is set to 0 milliseconds

12-02-2024T14:31:02 - [MESSAGE][PASSED] - Browser is opened with url: ''

12-02-2024T14:31:02 - [TEST_STEP][PASSED] - maximizeWindow(): Current window maximized

12-02-2024T14:31:02 - [MESSAGE][PASSED] - Current window maximized

12-02-2024T14:31:02 - [TEST_STEP][PASSED] - navigateToUrl("https://advantageonlineshopping.com/#/"): Navigate to 'https://advantageonlineshopping.com/#/' successfully

12-02-2024T14:31:06 - [MESSAGE][PASSED] - Navigate to 'https://advantageonlineshopping.com/#/' successfully

12-02-2024T14:31:06 - [TEST_STEP][PASSED] - click(findTestObject("Object Repository/positive/pencarian/input valid/svg_Sign out_menuSearch")): Object: 'Object Repository/positive/pencarian/input valid/svg_Sign out_menuSearch' is clicked on

12-02-2024T14:31:11 - [MESSAGE][PASSED] - Object: 'Object Repository/positive/pencarian/input valid/svg_Sign out_menuSearch' is clicked on

12-02-2024T14:31:11 - [TEST_STEP][PASSED] - setText(findTestObject("Object Repository/positive/pencarian/input valid/input_Sign out_autoComplete"), namaProduk): Text 'HP USB 3 BUTTON OPTICAL MOUSE' is set on object 'Object Repository/positive/pencarian/input valid/input_Sign out_autoComplete'

12-02-2024T14:31:12 - [MESSAGE][PASSED] - Text 'HP USB 3 BUTTON OPTICAL MOUSE' is set on object 'Object Repository/positive/pencarian/input valid/input_Sign out_autoComplete'

12-02-2024T14:31:12 - [TEST_STEP][PASSED] - delay(5): Delayed 5 second(s)

12-02-2024T14:31:17 - [MESSAGE][PASSED] - Delayed 5 second(s)

12-02-2024T14:31:17 - [TEST_STEP][PASSED] - sendKeys(findTestObject("Object Repository/positive/pencarian/input valid/input_Sign out_autoComplete"), Keys.chord(ENTER)): Keys 'ENTER + ' sent to object: 'Object Repository/positive/pencarian/input valid/input_Sign out_autoComplete'

12-02-2024T14:31:48 - [MESSAGE][PASSED] - Keys 'ENTER + ' sent to object: 'Object Repository/positive/pencarian/input valid/input_Sign out_autoComplete'

12-02-2024T14:31:48 - [TEST_STEP][PASSED] - waitForElementVisible(findTestObject("Object Repository/data driven/card_result"), 5): Object 'Object Repository/data driven/card_result' is visible

12-02-2024T14:32:18 - [MESSAGE][PASSED] - Object 'Object Repository/data driven/card_result' is visible

12-02-2024T14:32:18 - [TEST_STEP][PASSED] - click(findTestObject("Object Repository/data driven/card_result")): Object: 'Object Repository/data driven/card_result' is clicked on

12-02-2024T14:32:20 - [MESSAGE][PASSED] - Object: 'Object Repository/data driven/card_result' is clicked on

12-02-2024T14:32:20 - [TEST_STEP][PASSED] - closeBrowser(): Browser is closed

12-02-2024T14:32:21 - [MESSAGE][PASSED] - Browser is closed

12-02-2024T14:32:23 - [TEST_STEP][PASSED] - Video: Video recording for test case 'Test Cases/positive/pencarian/data produk' .

12-02-2024T14:32:23 - [MESSAGE][INFO] - Video recording for test case 'Test Cases/positive/pencarian/data produk' .]]></system-out>
         <system-err><![CDATA[]]></system-err>
      </testcase>
      <testcase name="Test Cases/positive/pencarian/data produk" time="70.873" classname="Test Cases/positive/pencarian/data produk" status="PASSED">
         <system-out><![CDATA[12-02-2024T14:32:23 - [TEST_CASE][PASSED] - Test Cases/positive/pencarian/data produk: Test Cases/positive/pencarian/data produk

12-02-2024T14:32:23 - [TEST_STEP][PASSED] - openBrowser(""): Browser is opened with url: ''

12-02-2024T14:32:23 - [MESSAGE][INFO] - Starting 'Chrome' driver

12-02-2024T14:32:23 - [MESSAGE][INFO] - Action delay is set to 0 milliseconds

12-02-2024T14:32:25 - [MESSAGE][PASSED] - Browser is opened with url: ''

12-02-2024T14:32:25 - [TEST_STEP][PASSED] - maximizeWindow(): Current window maximized

12-02-2024T14:32:25 - [MESSAGE][PASSED] - Current window maximized

12-02-2024T14:32:25 - [TEST_STEP][PASSED] - navigateToUrl("https://advantageonlineshopping.com/#/"): Navigate to 'https://advantageonlineshopping.com/#/' successfully

12-02-2024T14:32:29 - [MESSAGE][PASSED] - Navigate to 'https://advantageonlineshopping.com/#/' successfully

12-02-2024T14:32:29 - [TEST_STEP][PASSED] - click(findTestObject("Object Repository/positive/pencarian/input valid/svg_Sign out_menuSearch")): Object: 'Object Repository/positive/pencarian/input valid/svg_Sign out_menuSearch' is clicked on

12-02-2024T14:32:34 - [MESSAGE][PASSED] - Object: 'Object Repository/positive/pencarian/input valid/svg_Sign out_menuSearch' is clicked on

12-02-2024T14:32:34 - [TEST_STEP][PASSED] - setText(findTestObject("Object Repository/positive/pencarian/input valid/input_Sign out_autoComplete"), namaProduk): Text 'HP ELITEPAD 1000 G2 TABLET' is set on object 'Object Repository/positive/pencarian/input valid/input_Sign out_autoComplete'

12-02-2024T14:32:35 - [MESSAGE][PASSED] - Text 'HP ELITEPAD 1000 G2 TABLET' is set on object 'Object Repository/positive/pencarian/input valid/input_Sign out_autoComplete'

12-02-2024T14:32:35 - [TEST_STEP][PASSED] - delay(5): Delayed 5 second(s)

12-02-2024T14:32:40 - [MESSAGE][PASSED] - Delayed 5 second(s)

12-02-2024T14:32:40 - [TEST_STEP][PASSED] - sendKeys(findTestObject("Object Repository/positive/pencarian/input valid/input_Sign out_autoComplete"), Keys.chord(ENTER)): Keys 'ENTER + ' sent to object: 'Object Repository/positive/pencarian/input valid/input_Sign out_autoComplete'

12-02-2024T14:33:11 - [MESSAGE][PASSED] - Keys 'ENTER + ' sent to object: 'Object Repository/positive/pencarian/input valid/input_Sign out_autoComplete'

12-02-2024T14:33:11 - [TEST_STEP][PASSED] - waitForElementVisible(findTestObject("Object Repository/data driven/card_result"), 5): Object 'Object Repository/data driven/card_result' is visible

12-02-2024T14:33:31 - [MESSAGE][PASSED] - Object 'Object Repository/data driven/card_result' is visible

12-02-2024T14:33:31 - [TEST_STEP][PASSED] - click(findTestObject("Object Repository/data driven/card_result")): Object: 'Object Repository/data driven/card_result' is clicked on

12-02-2024T14:33:32 - [MESSAGE][PASSED] - Object: 'Object Repository/data driven/card_result' is clicked on

12-02-2024T14:33:32 - [TEST_STEP][PASSED] - closeBrowser(): Browser is closed

12-02-2024T14:33:32 - [MESSAGE][PASSED] - Browser is closed

12-02-2024T14:33:34 - [TEST_STEP][PASSED] - Video: Video recording for test case 'Test Cases/positive/pencarian/data produk' .

12-02-2024T14:33:34 - [MESSAGE][INFO] - Video recording for test case 'Test Cases/positive/pencarian/data produk' .]]></system-out>
         <system-err><![CDATA[]]></system-err>
      </testcase>
      <testcase name="Test Cases/positive/filtering/filtering_switch_case" time="16.342" classname="Test Cases/positive/filtering/filtering_switch_case" status="PASSED">
         <system-out><![CDATA[12-02-2024T14:33:34 - [TEST_CASE][PASSED] - Test Cases/positive/filtering/filtering_switch_case: Test Cases/positive/filtering/filtering_switch_case

12-02-2024T14:33:34 - [TEST_STEP][PASSED] - openBrowser(""): Browser is opened with url: ''

12-02-2024T14:33:34 - [MESSAGE][INFO] - Starting 'Chrome' driver

12-02-2024T14:33:34 - [MESSAGE][INFO] - Action delay is set to 0 milliseconds

12-02-2024T14:33:35 - [MESSAGE][PASSED] - Browser is opened with url: ''

12-02-2024T14:33:35 - [TEST_STEP][PASSED] - maximizeWindow(): Current window maximized

12-02-2024T14:33:36 - [MESSAGE][PASSED] - Current window maximized

12-02-2024T14:33:36 - [TEST_STEP][PASSED] - navigateToUrl("https://advantageonlineshopping.com/#/search/"): Navigate to 'https://advantageonlineshopping.com/#/search/' successfully

12-02-2024T14:33:40 - [MESSAGE][PASSED] - Navigate to 'https://advantageonlineshopping.com/#/search/' successfully

12-02-2024T14:33:40 - [TEST_STEP][PASSED] - kategori = "LAPTOPS": null

12-02-2024T14:33:40 - [TEST_STEP][PASSED] - switch (kategori): null

12-02-2024T14:33:40 - [TEST_STEP][PASSED] - case "LAPTOPS":: null

12-02-2024T14:33:40 - [TEST_STEP][PASSED] - click(findTestObject("Object Repository/filtering/fitlering_coba/Page_Advantage Shopping/input_CATEGORIES_category")): Object: 'Object Repository/filtering/fitlering_coba/Page_Advantage Shopping/input_CATEGORIES_category' is clicked on

12-02-2024T14:33:43 - [MESSAGE][PASSED] - Object: 'Object Repository/filtering/fitlering_coba/Page_Advantage Shopping/input_CATEGORIES_category' is clicked on

12-02-2024T14:33:43 - [TEST_STEP][PASSED] - click(findTestObject("Object Repository/filtering/categories/label selected project/Page_Advantage Shopping/hp paviliun")): Object: 'Object Repository/filtering/categories/label selected project/Page_Advantage Shopping/hp paviliun' is clicked on

12-02-2024T14:33:43 - [MESSAGE][PASSED] - Object: 'Object Repository/filtering/categories/label selected project/Page_Advantage Shopping/hp paviliun' is clicked on

12-02-2024T14:33:43 - [TEST_STEP][PASSED] - break: null

12-02-2024T14:33:43 - [TEST_STEP][PASSED] - waitForElementVisible(findTestObject("Object Repository/data driven/h1_laptop_name"), 10): Object 'Object Repository/data driven/h1_laptop_name' is visible

12-02-2024T14:33:48 - [MESSAGE][PASSED] - Object 'Object Repository/data driven/h1_laptop_name' is visible

12-02-2024T14:33:48 - [TEST_STEP][PASSED] - closeBrowser(): Browser is closed

12-02-2024T14:33:48 - [MESSAGE][PASSED] - Browser is closed

12-02-2024T14:33:50 - [TEST_STEP][PASSED] - Video: Video recording for test case 'Test Cases/positive/filtering/filtering_switch_case' .

12-02-2024T14:33:50 - [MESSAGE][INFO] - Video recording for test case 'Test Cases/positive/filtering/filtering_switch_case' .]]></system-out>
         <system-err><![CDATA[]]></system-err>
      </testcase>
      <system-out><![CDATA[12-02-2024T14:26:27 - [TEST_SUITE][PASSED] - pencarian_positive: Test Cases/positive/filtering/filtering_switch_case]]></system-out>
      <system-err><![CDATA[]]></system-err>
   </testsuite>
</testsuites>
