<?xml version="1.0" encoding="UTF-8"?>
<testsuites name="pencarian_positive" time="350.542" tests="4" failures="0" errors="0">
   <testsuite name="pencarian_positive" tests="4" failures="0" errors="0" time="350.542" skipped="0" timestamp="12-02-2024T14:12:03" hostname="ASUS - LAPTOP-86QR281O" id="Test Suites/discovery_positive/pencarian_positive">
      <properties>
         <property name="deviceName" value=""/>
         <property name="devicePlatform" value=""/>
         <property name="logFolder" value="C:\\Users\\ASUS\\Documents\\Bismillah BFLP IT\\BOOTCAMP IT\\Katalon\\FPBootcamp\\Reports\\20240212_141056\\discovery_positive\\pencarian_positive\\20240212_141059"/>
         <property name="logFiles" value="C:\\Users\\ASUS\\Documents\\Bismillah BFLP IT\\BOOTCAMP IT\\Katalon\\FPBootcamp\\Reports\\20240212_141056\\discovery_positive\\pencarian_positive\\20240212_141059\\execution0.log"/>
         <property name="attachments" value=""/>
         <property name="hostName" value="ASUS - LAPTOP-86QR281O"/>
         <property name="os" value="Windows 11 64bit"/>
         <property name="katalonVersion" value="9.3.0.212"/>
         <property name="browser" value="Chrome 121.0.0.0"/>
         <property name="hostAddress" value="172.16.213.211"/>
         <property name="sessionId" value="780a96eee51414af30cceed408e82a48"/>
         <property name="seleniumVersion" value="3.141.59"/>
         <property name="proxyInformation" value="ProxyInformation { proxyOption=NO_PROXY, proxyServerType=HTTP, username=, password=********, proxyServerAddress=, proxyServerPort=0, executionList=&quot;&quot;, isApplyToDesiredCapabilities=true }"/>
         <property name="platform" value="Windows 11"/>
      </properties>
      <testcase name="Test Cases/positive/pencarian/data produk" time="78.326" classname="Test Cases/positive/pencarian/data produk" status="PASSED">
         <system-out><![CDATA[12-02-2024T14:12:03 - [TEST_CASE][PASSED] - Test Cases/positive/pencarian/data produk: Test Cases/positive/pencarian/data produk

12-02-2024T14:12:04 - [TEST_STEP][PASSED] - openBrowser(""): Browser is opened with url: ''

12-02-2024T14:12:05 - [MESSAGE][INFO] - Starting 'Chrome' driver

12-02-2024T14:12:05 - [MESSAGE][INFO] - Action delay is set to 0 milliseconds

12-02-2024T14:12:07 - [MESSAGE][PASSED] - Browser is opened with url: ''

12-02-2024T14:12:07 - [TEST_STEP][PASSED] - maximizeWindow(): Current window maximized

12-02-2024T14:12:07 - [MESSAGE][PASSED] - Current window maximized

12-02-2024T14:12:07 - [TEST_STEP][PASSED] - navigateToUrl("https://advantageonlineshopping.com/#/"): Navigate to 'https://advantageonlineshopping.com/#/' successfully

12-02-2024T14:12:12 - [MESSAGE][PASSED] - Navigate to 'https://advantageonlineshopping.com/#/' successfully

12-02-2024T14:12:12 - [TEST_STEP][PASSED] - click(findTestObject("Object Repository/positive/pencarian/input valid/svg_Sign out_menuSearch")): Object: 'Object Repository/positive/pencarian/input valid/svg_Sign out_menuSearch' is clicked on

12-02-2024T14:12:16 - [MESSAGE][PASSED] - Object: 'Object Repository/positive/pencarian/input valid/svg_Sign out_menuSearch' is clicked on

12-02-2024T14:12:16 - [TEST_STEP][PASSED] - setText(findTestObject("Object Repository/positive/pencarian/input valid/input_Sign out_autoComplete"), namaProduk): Text 'HP ENVY - 17T TOUCH LAPTOP' is set on object 'Object Repository/positive/pencarian/input valid/input_Sign out_autoComplete'

12-02-2024T14:12:18 - [MESSAGE][PASSED] - Text 'HP ENVY - 17T TOUCH LAPTOP' is set on object 'Object Repository/positive/pencarian/input valid/input_Sign out_autoComplete'

12-02-2024T14:12:18 - [TEST_STEP][PASSED] - delay(5): Delayed 5 second(s)

12-02-2024T14:12:23 - [MESSAGE][PASSED] - Delayed 5 second(s)

12-02-2024T14:12:23 - [TEST_STEP][PASSED] - sendKeys(findTestObject("Object Repository/positive/pencarian/input valid/input_Sign out_autoComplete"), Keys.chord(ENTER)): Keys 'ENTER + ' sent to object: 'Object Repository/positive/pencarian/input valid/input_Sign out_autoComplete'

12-02-2024T14:12:54 - [MESSAGE][PASSED] - Keys 'ENTER + ' sent to object: 'Object Repository/positive/pencarian/input valid/input_Sign out_autoComplete'

12-02-2024T14:12:54 - [TEST_STEP][PASSED] - waitForElementVisible(findTestObject("Object Repository/data driven/card_result"), 5): Object 'Object Repository/data driven/card_result' is visible

12-02-2024T14:13:18 - [MESSAGE][PASSED] - Object 'Object Repository/data driven/card_result' is visible

12-02-2024T14:13:18 - [TEST_STEP][PASSED] - click(findTestObject("Object Repository/data driven/card_result")): Object: 'Object Repository/data driven/card_result' is clicked on

12-02-2024T14:13:19 - [MESSAGE][PASSED] - Object: 'Object Repository/data driven/card_result' is clicked on

12-02-2024T14:13:19 - [TEST_STEP][PASSED] - closeBrowser(): Browser is closed

12-02-2024T14:13:19 - [MESSAGE][PASSED] - Browser is closed

12-02-2024T14:13:22 - [TEST_STEP][PASSED] - Video: Video recording for test case 'Test Cases/positive/pencarian/data produk' .

12-02-2024T14:13:22 - [MESSAGE][INFO] - Video recording for test case 'Test Cases/positive/pencarian/data produk' .]]></system-out>
         <system-err><![CDATA[]]></system-err>
      </testcase>
      <testcase name="Test Cases/positive/pencarian/data produk" time="103.735" classname="Test Cases/positive/pencarian/data produk" status="PASSED">
         <system-out><![CDATA[12-02-2024T14:13:22 - [TEST_CASE][PASSED] - Test Cases/positive/pencarian/data produk: Test Cases/positive/pencarian/data produk

12-02-2024T14:13:22 - [TEST_STEP][PASSED] - openBrowser(""): Browser is opened with url: ''

12-02-2024T14:13:22 - [MESSAGE][INFO] - Starting 'Chrome' driver

12-02-2024T14:13:22 - [MESSAGE][INFO] - Action delay is set to 0 milliseconds

12-02-2024T14:13:23 - [MESSAGE][PASSED] - Browser is opened with url: ''

12-02-2024T14:13:23 - [TEST_STEP][PASSED] - maximizeWindow(): Current window maximized

12-02-2024T14:13:23 - [MESSAGE][PASSED] - Current window maximized

12-02-2024T14:13:23 - [TEST_STEP][PASSED] - navigateToUrl("https://advantageonlineshopping.com/#/"): Navigate to 'https://advantageonlineshopping.com/#/' successfully

12-02-2024T14:13:28 - [MESSAGE][PASSED] - Navigate to 'https://advantageonlineshopping.com/#/' successfully

12-02-2024T14:13:28 - [TEST_STEP][PASSED] - click(findTestObject("Object Repository/positive/pencarian/input valid/svg_Sign out_menuSearch")): Object: 'Object Repository/positive/pencarian/input valid/svg_Sign out_menuSearch' is clicked on

12-02-2024T14:13:33 - [MESSAGE][PASSED] - Object: 'Object Repository/positive/pencarian/input valid/svg_Sign out_menuSearch' is clicked on

12-02-2024T14:13:33 - [TEST_STEP][PASSED] - setText(findTestObject("Object Repository/positive/pencarian/input valid/input_Sign out_autoComplete"), namaProduk): Text 'BOSE SOUNDLINK BLUETOOTH SPEAKER III' is set on object 'Object Repository/positive/pencarian/input valid/input_Sign out_autoComplete'

12-02-2024T14:13:35 - [MESSAGE][PASSED] - Text 'BOSE SOUNDLINK BLUETOOTH SPEAKER III' is set on object 'Object Repository/positive/pencarian/input valid/input_Sign out_autoComplete'

12-02-2024T14:13:35 - [TEST_STEP][PASSED] - delay(5): Delayed 5 second(s)

12-02-2024T14:13:40 - [MESSAGE][PASSED] - Delayed 5 second(s)

12-02-2024T14:13:40 - [TEST_STEP][PASSED] - sendKeys(findTestObject("Object Repository/positive/pencarian/input valid/input_Sign out_autoComplete"), Keys.chord(ENTER)): Keys 'ENTER + ' sent to object: 'Object Repository/positive/pencarian/input valid/input_Sign out_autoComplete'

12-02-2024T14:14:10 - [MESSAGE][PASSED] - Keys 'ENTER + ' sent to object: 'Object Repository/positive/pencarian/input valid/input_Sign out_autoComplete'

12-02-2024T14:14:10 - [TEST_STEP][PASSED] - waitForElementVisible(findTestObject("Object Repository/data driven/card_result"), 5): Object 'Object Repository/data driven/card_result' is visible

12-02-2024T14:14:41 - [MESSAGE][PASSED] - Object 'Object Repository/data driven/card_result' is visible

12-02-2024T14:14:41 - [TEST_STEP][PASSED] - click(findTestObject("Object Repository/data driven/card_result")): Object: 'Object Repository/data driven/card_result' is clicked on

12-02-2024T14:15:03 - [MESSAGE][PASSED] - Object: 'Object Repository/data driven/card_result' is clicked on

12-02-2024T14:15:03 - [TEST_STEP][PASSED] - closeBrowser(): Browser is closed

12-02-2024T14:15:03 - [MESSAGE][PASSED] - Browser is closed

12-02-2024T14:15:06 - [TEST_STEP][PASSED] - Video: Video recording for test case 'Test Cases/positive/pencarian/data produk' .

12-02-2024T14:15:06 - [MESSAGE][INFO] - Video recording for test case 'Test Cases/positive/pencarian/data produk' .]]></system-out>
         <system-err><![CDATA[]]></system-err>
      </testcase>
      <testcase name="Test Cases/positive/pencarian/data produk" time="84.836" classname="Test Cases/positive/pencarian/data produk" status="PASSED">
         <system-out><![CDATA[12-02-2024T14:15:06 - [TEST_CASE][PASSED] - Test Cases/positive/pencarian/data produk: Test Cases/positive/pencarian/data produk

12-02-2024T14:15:06 - [TEST_STEP][PASSED] - openBrowser(""): Browser is opened with url: ''

12-02-2024T14:15:06 - [MESSAGE][INFO] - Starting 'Chrome' driver

12-02-2024T14:15:06 - [MESSAGE][INFO] - Action delay is set to 0 milliseconds

12-02-2024T14:15:07 - [MESSAGE][PASSED] - Browser is opened with url: ''

12-02-2024T14:15:07 - [TEST_STEP][PASSED] - maximizeWindow(): Current window maximized

12-02-2024T14:15:07 - [MESSAGE][PASSED] - Current window maximized

12-02-2024T14:15:07 - [TEST_STEP][PASSED] - navigateToUrl("https://advantageonlineshopping.com/#/"): Navigate to 'https://advantageonlineshopping.com/#/' successfully

12-02-2024T14:15:12 - [MESSAGE][PASSED] - Navigate to 'https://advantageonlineshopping.com/#/' successfully

12-02-2024T14:15:12 - [TEST_STEP][PASSED] - click(findTestObject("Object Repository/positive/pencarian/input valid/svg_Sign out_menuSearch")): Object: 'Object Repository/positive/pencarian/input valid/svg_Sign out_menuSearch' is clicked on

12-02-2024T14:15:16 - [MESSAGE][PASSED] - Object: 'Object Repository/positive/pencarian/input valid/svg_Sign out_menuSearch' is clicked on

12-02-2024T14:15:16 - [TEST_STEP][PASSED] - setText(findTestObject("Object Repository/positive/pencarian/input valid/input_Sign out_autoComplete"), namaProduk): Text 'HP USB 3 BUTTON OPTICAL MOUSE' is set on object 'Object Repository/positive/pencarian/input valid/input_Sign out_autoComplete'

12-02-2024T14:15:18 - [MESSAGE][PASSED] - Text 'HP USB 3 BUTTON OPTICAL MOUSE' is set on object 'Object Repository/positive/pencarian/input valid/input_Sign out_autoComplete'

12-02-2024T14:15:18 - [TEST_STEP][PASSED] - delay(5): Delayed 5 second(s)

12-02-2024T14:15:23 - [MESSAGE][PASSED] - Delayed 5 second(s)

12-02-2024T14:15:23 - [TEST_STEP][PASSED] - sendKeys(findTestObject("Object Repository/positive/pencarian/input valid/input_Sign out_autoComplete"), Keys.chord(ENTER)): Keys 'ENTER + ' sent to object: 'Object Repository/positive/pencarian/input valid/input_Sign out_autoComplete'

12-02-2024T14:15:53 - [MESSAGE][PASSED] - Keys 'ENTER + ' sent to object: 'Object Repository/positive/pencarian/input valid/input_Sign out_autoComplete'

12-02-2024T14:15:53 - [TEST_STEP][PASSED] - waitForElementVisible(findTestObject("Object Repository/data driven/card_result"), 5): Object 'Object Repository/data driven/card_result' is visible

12-02-2024T14:16:24 - [MESSAGE][PASSED] - Object 'Object Repository/data driven/card_result' is visible

12-02-2024T14:16:24 - [TEST_STEP][PASSED] - click(findTestObject("Object Repository/data driven/card_result")): Object: 'Object Repository/data driven/card_result' is clicked on

12-02-2024T14:16:28 - [MESSAGE][PASSED] - Object: 'Object Repository/data driven/card_result' is clicked on

12-02-2024T14:16:28 - [TEST_STEP][PASSED] - closeBrowser(): Browser is closed

12-02-2024T14:16:28 - [MESSAGE][PASSED] - Browser is closed

12-02-2024T14:16:30 - [TEST_STEP][PASSED] - Video: Video recording for test case 'Test Cases/positive/pencarian/data produk' .

12-02-2024T14:16:30 - [MESSAGE][INFO] - Video recording for test case 'Test Cases/positive/pencarian/data produk' .]]></system-out>
         <system-err><![CDATA[]]></system-err>
      </testcase>
      <testcase name="Test Cases/positive/pencarian/data produk" time="82.92" classname="Test Cases/positive/pencarian/data produk" status="PASSED">
         <system-out><![CDATA[12-02-2024T14:16:31 - [TEST_CASE][PASSED] - Test Cases/positive/pencarian/data produk: Test Cases/positive/pencarian/data produk

12-02-2024T14:16:31 - [TEST_STEP][PASSED] - openBrowser(""): Browser is opened with url: ''

12-02-2024T14:16:31 - [MESSAGE][INFO] - Starting 'Chrome' driver

12-02-2024T14:16:31 - [MESSAGE][INFO] - Action delay is set to 0 milliseconds

12-02-2024T14:16:32 - [MESSAGE][PASSED] - Browser is opened with url: ''

12-02-2024T14:16:32 - [TEST_STEP][PASSED] - maximizeWindow(): Current window maximized

12-02-2024T14:16:32 - [MESSAGE][PASSED] - Current window maximized

12-02-2024T14:16:32 - [TEST_STEP][PASSED] - navigateToUrl("https://advantageonlineshopping.com/#/"): Navigate to 'https://advantageonlineshopping.com/#/' successfully

12-02-2024T14:16:36 - [MESSAGE][PASSED] - Navigate to 'https://advantageonlineshopping.com/#/' successfully

12-02-2024T14:16:36 - [TEST_STEP][PASSED] - click(findTestObject("Object Repository/positive/pencarian/input valid/svg_Sign out_menuSearch")): Object: 'Object Repository/positive/pencarian/input valid/svg_Sign out_menuSearch' is clicked on

12-02-2024T14:16:43 - [MESSAGE][PASSED] - Object: 'Object Repository/positive/pencarian/input valid/svg_Sign out_menuSearch' is clicked on

12-02-2024T14:16:43 - [TEST_STEP][PASSED] - setText(findTestObject("Object Repository/positive/pencarian/input valid/input_Sign out_autoComplete"), namaProduk): Text 'HP ELITEPAD 1000 G2 TABLET' is set on object 'Object Repository/positive/pencarian/input valid/input_Sign out_autoComplete'

12-02-2024T14:16:45 - [MESSAGE][PASSED] - Text 'HP ELITEPAD 1000 G2 TABLET' is set on object 'Object Repository/positive/pencarian/input valid/input_Sign out_autoComplete'

12-02-2024T14:16:45 - [TEST_STEP][PASSED] - delay(5): Delayed 5 second(s)

12-02-2024T14:16:50 - [MESSAGE][PASSED] - Delayed 5 second(s)

12-02-2024T14:16:50 - [TEST_STEP][PASSED] - sendKeys(findTestObject("Object Repository/positive/pencarian/input valid/input_Sign out_autoComplete"), Keys.chord(ENTER)): Keys 'ENTER + ' sent to object: 'Object Repository/positive/pencarian/input valid/input_Sign out_autoComplete'

12-02-2024T14:17:20 - [MESSAGE][PASSED] - Keys 'ENTER + ' sent to object: 'Object Repository/positive/pencarian/input valid/input_Sign out_autoComplete'

12-02-2024T14:17:20 - [TEST_STEP][PASSED] - waitForElementVisible(findTestObject("Object Repository/data driven/card_result"), 5): Object 'Object Repository/data driven/card_result' is visible

12-02-2024T14:17:50 - [MESSAGE][PASSED] - Object 'Object Repository/data driven/card_result' is visible

12-02-2024T14:17:50 - [TEST_STEP][PASSED] - click(findTestObject("Object Repository/data driven/card_result")): Object: 'Object Repository/data driven/card_result' is clicked on

12-02-2024T14:17:51 - [MESSAGE][PASSED] - Object: 'Object Repository/data driven/card_result' is clicked on

12-02-2024T14:17:51 - [TEST_STEP][PASSED] - closeBrowser(): Browser is closed

12-02-2024T14:17:51 - [MESSAGE][PASSED] - Browser is closed

12-02-2024T14:17:53 - [TEST_STEP][PASSED] - Video: Video recording for test case 'Test Cases/positive/pencarian/data produk' .

12-02-2024T14:17:53 - [MESSAGE][INFO] - Video recording for test case 'Test Cases/positive/pencarian/data produk' .]]></system-out>
         <system-err><![CDATA[]]></system-err>
      </testcase>
      <system-out><![CDATA[12-02-2024T14:12:03 - [TEST_SUITE][PASSED] - pencarian_positive: Test Cases/positive/pencarian/data produk]]></system-out>
      <system-err><![CDATA[]]></system-err>
   </testsuite>
</testsuites>
